TN:
SF:src/check-data.ts
FN:5,checkData
FN:20,(anonymous_1)
FN:25,(anonymous_2)
FNF:3
FNH:0
FNDA:0,checkData
FNDA:0,(anonymous_1)
FNDA:0,(anonymous_2)
DA:1,0
DA:3,0
DA:6,0
DA:8,0
DA:18,0
DA:20,0
DA:21,0
DA:22,0
DA:23,0
DA:24,0
DA:25,0
DA:28,0
DA:31,0
LF:13
LH:0
BRF:0
BRH:0
end_of_record
TN:
SF:src/check_entity.ts
FN:6,main
FN:20,(anonymous_1)
FN:22,(anonymous_2)
FN:39,(anonymous_3)
FN:41,(anonymous_4)
FN:49,(anonymous_5)
FN:53,(anonymous_6)
FNF:7
FNH:0
FNDA:0,main
FNDA:0,(anonymous_1)
FNDA:0,(anonymous_2)
FNDA:0,(anonymous_3)
FNDA:0,(anonymous_4)
FNDA:0,(anonymous_5)
FNDA:0,(anonymous_6)
DA:2,0
DA:4,0
DA:7,0
DA:9,0
DA:13,0
DA:14,0
DA:15,0
DA:19,0
DA:20,0
DA:21,0
DA:22,0
DA:25,0
DA:28,0
DA:32,0
DA:33,0
DA:34,0
DA:38,0
DA:39,0
DA:40,0
DA:41,0
DA:44,0
DA:48,0
DA:50,0
DA:51,0
DA:54,0
LF:25
LH:0
BRDA:13,0,0,0
BRDA:13,0,1,0
BRDA:32,1,0,0
BRDA:32,1,1,0
BRF:4
BRH:0
end_of_record
TN:
SF:src/context.ts
FN:11,(anonymous_1)
FN:11,(anonymous_2)
FN:11,(anonymous_3)
FN:12,(anonymous_4)
FN:12,(anonymous_5)
FN:12,(anonymous_6)
FN:13,(anonymous_7)
FN:13,(anonymous_8)
FN:14,(anonymous_9)
FN:15,(anonymous_10)
FN:16,(anonymous_11)
FN:16,(anonymous_12)
FN:17,(anonymous_13)
FN:41,createContext
FNF:14
FNH:1
FNDA:0,(anonymous_1)
FNDA:0,(anonymous_2)
FNDA:0,(anonymous_3)
FNDA:0,(anonymous_4)
FNDA:0,(anonymous_5)
FNDA:0,(anonymous_6)
FNDA:0,(anonymous_7)
FNDA:0,(anonymous_8)
FNDA:0,(anonymous_9)
FNDA:0,(anonymous_10)
FNDA:0,(anonymous_11)
FNDA:0,(anonymous_12)
FNDA:0,(anonymous_13)
FNDA:1,createContext
DA:1,5
DA:2,5
DA:3,5
DA:4,5
DA:5,5
DA:7,5
DA:10,5
DA:11,0
DA:12,0
DA:13,0
DA:14,0
DA:15,0
DA:16,0
DA:17,0
DA:21,5
DA:22,5
DA:28,5
DA:41,5
DA:42,1
DA:45,1
DA:46,1
DA:47,0
DA:48,0
DA:49,0
DA:50,0
DA:62,0
DA:67,1
DA:68,1
DA:69,1
DA:72,1
DA:73,0
DA:76,1
LF:32
LH:19
BRDA:7,0,0,5
BRDA:7,0,1,4
BRDA:7,1,0,5
BRDA:7,1,1,0
BRDA:7,2,0,4
BRDA:7,2,1,0
BRDA:21,3,0,1
BRDA:21,3,1,4
BRDA:24,4,0,0
BRDA:24,4,1,5
BRDA:46,5,0,0
BRDA:46,6,0,1
BRDA:46,6,1,0
BRDA:51,7,0,0
BRDA:51,7,1,0
BRDA:54,8,0,0
BRDA:54,8,1,0
BRDA:58,9,0,0
BRDA:58,9,1,0
BRDA:67,10,0,1
BRDA:67,11,0,1
BRDA:67,11,1,1
BRDA:72,12,0,0
BRDA:72,13,0,1
BRDA:72,13,1,0
BRF:25
BRH:12
end_of_record
TN:
SF:src/inspect_task.ts
FN:4,inspectTask
FN:59,(anonymous_1)
FN:62,(anonymous_2)
FN:74,(anonymous_3)
FN:75,(anonymous_4)
FNF:5
FNH:0
FNDA:0,inspectTask
FNDA:0,(anonymous_1)
FNDA:0,(anonymous_2)
FNDA:0,(anonymous_3)
FNDA:0,(anonymous_4)
DA:2,0
DA:5,0
DA:8,0
DA:12,0
DA:13,0
DA:14,0
DA:16,0
DA:20,0
DA:27,0
DA:28,0
DA:29,0
DA:31,0
DA:34,0
DA:38,0
DA:39,0
DA:40,0
DA:43,0
DA:44,0
DA:59,0
DA:60,0
DA:61,0
DA:62,0
DA:63,0
DA:64,0
DA:65,0
DA:66,0
DA:68,0
DA:73,0
DA:74,0
DA:75,0
LF:30
LH:0
BRDA:12,0,0,0
BRDA:27,1,0,0
BRDA:38,2,0,0
BRDA:64,3,0,0
BRDA:64,3,1,0
BRDA:65,4,0,0
BRF:6
BRH:0
end_of_record
TN:
SF:src/reproduce_manual_delete.ts
FN:18,main
FN:102,(anonymous_1)
FN:106,(anonymous_2)
FNF:3
FNH:0
FNDA:0,main
FNDA:0,(anonymous_1)
FNDA:0,(anonymous_2)
DA:2,0
DA:3,0
DA:4,0
DA:6,0
DA:9,0
DA:19,0
DA:22,0
DA:30,0
DA:52,0
DA:53,0
DA:56,0
DA:58,0
DA:63,0
DA:65,0
DA:67,0
DA:72,0
DA:73,0
DA:74,0
DA:75,0
DA:79,0
DA:82,0
DA:84,0
DA:89,0
DA:90,0
DA:91,0
DA:93,0
DA:94,0
DA:98,0
DA:101,0
DA:103,0
DA:104,0
DA:107,0
LF:32
LH:0
BRDA:73,0,0,0
BRDA:90,1,0,0
BRDA:90,1,1,0
BRF:3
BRH:0
end_of_record
TN:
SF:src/reproduce_missing_import.ts
FN:11,reproduce
FN:134,(anonymous_2)
FNF:2
FNH:0
FNDA:0,reproduce
FNDA:0,(anonymous_2)
DA:2,0
DA:3,0
DA:7,0
DA:9,0
DA:12,0
DA:15,0
DA:19,0
DA:23,0
DA:33,0
DA:45,0
DA:72,0
DA:75,0
DA:76,0
DA:77,0
DA:78,0
DA:80,0
DA:83,0
DA:84,0
DA:87,0
DA:88,0
DA:90,0
DA:91,0
DA:92,0
DA:97,0
DA:98,0
DA:99,0
DA:102,0
DA:105,0
DA:106,0
DA:109,0
DA:113,0
DA:115,0
DA:116,0
DA:118,0
DA:119,0
DA:123,0
DA:124,0
DA:126,0
DA:127,0
DA:128,0
DA:129,0
DA:130,0
DA:131,0
DA:134,0
DA:135,0
LF:45
LH:0
BRDA:90,0,0,0
BRDA:115,1,0,0
BRDA:115,1,1,0
BRDA:123,2,0,0
BRDA:123,3,0,0
BRDA:123,3,1,0
BRF:6
BRH:0
end_of_record
TN:
SF:src/reproduce_solution_sync.ts
FN:5,reproduce
FN:159,(anonymous_1)
FNF:2
FNH:0
FNDA:0,reproduce
FNDA:0,(anonymous_1)
DA:2,0
DA:3,0
DA:6,0
DA:9,0
DA:16,0
DA:27,0
DA:39,0
DA:42,0
DA:49,0
DA:51,0
DA:65,0
DA:71,0
DA:74,0
DA:79,0
DA:80,0
DA:81,0
DA:83,0
DA:86,0
DA:89,0
DA:92,0
DA:93,0
DA:100,0
DA:105,0
DA:106,0
DA:111,0
DA:114,0
DA:115,0
DA:119,0
DA:122,0
DA:123,0
DA:126,0
DA:130,0
DA:131,0
DA:133,0
DA:135,0
DA:138,0
DA:141,0
DA:142,0
DA:144,0
DA:148,0
DA:149,0
DA:150,0
DA:151,0
DA:152,0
DA:153,0
DA:154,0
DA:157,0
DA:160,0
LF:48
LH:0
BRDA:79,0,0,0
BRDA:105,1,0,0
BRDA:105,1,1,0
BRDA:130,2,0,0
BRDA:130,2,1,0
BRF:5
BRH:0
end_of_record
TN:
SF:src/reproduce_sync_issue.ts
FN:5,reproduce
FN:158,(anonymous_1)
FNF:2
FNH:0
FNDA:0,reproduce
FNDA:0,(anonymous_1)
DA:2,0
DA:3,0
DA:6,0
DA:9,0
DA:16,0
DA:27,0
DA:39,0
DA:42,0
DA:49,0
DA:51,0
DA:65,0
DA:71,0
DA:74,0
DA:79,0
DA:80,0
DA:81,0
DA:83,0
DA:89,0
DA:92,0
DA:95,0
DA:96,0
DA:103,0
DA:108,0
DA:109,0
DA:113,0
DA:116,0
DA:117,0
DA:121,0
DA:124,0
DA:125,0
DA:128,0
DA:132,0
DA:133,0
DA:135,0
DA:137,0
DA:140,0
DA:142,0
DA:143,0
DA:147,0
DA:148,0
DA:149,0
DA:150,0
DA:151,0
DA:152,0
DA:153,0
DA:156,0
DA:159,0
LF:47
LH:0
BRDA:79,0,0,0
BRDA:108,1,0,0
BRDA:108,1,1,0
BRDA:132,2,0,0
BRDA:132,2,1,0
BRF:5
BRH:0
end_of_record
TN:
SF:src/reproduce_update_task_empty.ts
FN:17,main
FN:83,(anonymous_1)
FN:87,(anonymous_2)
FNF:3
FNH:0
FNDA:0,main
FNDA:0,(anonymous_1)
FNDA:0,(anonymous_2)
DA:2,0
DA:3,0
DA:5,0
DA:8,0
DA:18,0
DA:21,0
DA:29,0
DA:51,0
DA:54,0
DA:56,0
DA:61,0
DA:63,0
DA:65,0
DA:70,0
DA:71,0
DA:72,0
DA:74,0
DA:75,0
DA:79,0
DA:82,0
DA:84,0
DA:85,0
DA:88,0
LF:23
LH:0
BRDA:71,0,0,0
BRDA:71,0,1,0
BRF:2
BRH:0
end_of_record
TN:
SF:src/server.ts
FN:27,createApp
FN:66,(anonymous_11)
FN:85,(anonymous_12)
FN:112,(anonymous_13)
FN:143,(anonymous_14)
FN:172,(anonymous_15)
FN:202,(anonymous_16)
FN:247,(anonymous_17)
FN:256,(anonymous_18)
FN:274,(anonymous_19)
FN:282,(anonymous_20)
FN:308,(anonymous_21)
FN:328,(anonymous_22)
FNF:13
FNH:1
FNDA:4,createApp
FNDA:0,(anonymous_11)
FNDA:0,(anonymous_12)
FNDA:0,(anonymous_13)
FNDA:0,(anonymous_14)
FNDA:0,(anonymous_15)
FNDA:0,(anonymous_16)
FNDA:0,(anonymous_17)
FNDA:0,(anonymous_18)
FNDA:0,(anonymous_19)
FNDA:0,(anonymous_20)
FNDA:0,(anonymous_21)
FNDA:0,(anonymous_22)
DA:1,4
DA:2,4
DA:3,4
DA:4,4
DA:5,4
DA:6,4
DA:7,4
DA:8,4
DA:9,4
DA:10,4
DA:11,4
DA:12,4
DA:13,4
DA:14,4
DA:15,4
DA:16,4
DA:17,4
DA:18,4
DA:19,4
DA:20,4
DA:21,4
DA:22,4
DA:23,4
DA:24,4
DA:27,4
DA:28,4
DA:29,4
DA:32,4
DA:35,4
DA:36,0
DA:40,4
DA:45,4
DA:46,4
DA:47,4
DA:49,4
DA:57,4
DA:65,4
DA:66,0
DA:67,0
DA:68,0
DA:70,0
DA:76,4
DA:77,4
DA:85,4
DA:86,0
DA:96,4
DA:97,4
DA:100,4
DA:101,4
DA:104,4
DA:107,4
DA:112,4
DA:113,0
DA:114,0
DA:115,0
DA:117,0
DA:118,0
DA:121,0
DA:122,0
DA:126,0
DA:132,0
DA:134,0
DA:135,0
DA:143,4
DA:144,0
DA:145,0
DA:146,0
DA:148,0
DA:149,0
DA:152,0
DA:153,0
DA:157,0
DA:161,0
DA:163,0
DA:164,0
DA:172,4
DA:173,0
DA:174,0
DA:176,0
DA:177,0
DA:181,0
DA:182,0
DA:189,0
DA:190,0
DA:191,0
DA:194,0
DA:195,0
DA:196,0
DA:199,0
DA:202,0
DA:205,0
DA:207,0
DA:209,0
DA:210,0
DA:218,4
DA:219,4
DA:226,4
DA:227,4
DA:231,4
DA:232,0
DA:234,4
DA:238,4
DA:239,0
DA:241,0
DA:242,0
DA:245,0
DA:249,0
DA:250,0
DA:256,0
DA:258,0
DA:261,0
DA:263,0
DA:266,0
DA:267,0
DA:272,4
DA:273,4
DA:274,4
DA:275,4
DA:280,4
DA:281,4
DA:282,0
DA:283,0
DA:284,0
DA:287,0
DA:288,0
DA:289,0
DA:291,0
DA:295,0
DA:296,0
DA:297,0
DA:298,0
DA:299,0
DA:301,0
DA:308,0
DA:309,0
DA:311,0
DA:313,0
DA:314,0
DA:317,0
DA:318,0
DA:323,0
DA:325,0
DA:328,0
DA:329,0
DA:330,0
LF:145
LH:61
BRDA:35,0,0,0
BRDA:35,1,0,4
BRDA:35,1,1,4
BRDA:41,2,0,0
BRDA:41,2,1,4
BRDA:49,3,0,0
BRDA:49,3,1,4
BRDA:57,4,0,0
BRDA:57,4,1,4
BRDA:65,5,0,0
BRDA:65,6,0,4
BRDA:65,6,1,0
BRDA:67,7,0,0
BRDA:76,8,0,0
BRDA:76,8,1,4
BRDA:117,9,0,0
BRDA:121,10,0,0
BRDA:137,11,0,0
BRDA:137,11,1,0
BRDA:148,12,0,0
BRDA:152,13,0,0
BRDA:166,14,0,0
BRDA:166,14,1,0
BRDA:176,15,0,0
BRDA:181,16,0,0
BRDA:190,17,0,0
BRDA:212,18,0,0
BRDA:212,18,1,0
BRDA:222,19,0,4
BRDA:222,19,1,0
BRDA:231,20,0,0
BRDA:238,21,0,0
BRDA:241,22,0,0
BRDA:241,22,1,0
BRDA:249,23,0,0
BRDA:258,24,0,0
BRDA:258,25,0,0
BRDA:258,25,1,0
BRDA:258,25,2,0
BRDA:280,26,0,4
BRDA:280,26,1,4
BRDA:281,27,0,0
BRDA:313,28,0,0
BRDA:313,29,0,0
BRDA:313,29,1,0
BRDA:317,30,0,0
BRDA:329,31,0,0
BRDA:329,31,1,0
BRF:48
BRH:10
end_of_record
TN:
SF:src/verify_case_insensitive.ts
FN:7,verifyCaseInsensitive
FN:41,(anonymous_1)
FNF:2
FNH:0
FNDA:0,verifyCaseInsensitive
FNDA:0,(anonymous_1)
DA:2,0
DA:3,0
DA:5,0
DA:8,0
DA:11,0
DA:16,0
DA:29,0
DA:30,0
DA:32,0
DA:33,0
DA:35,0
DA:39,0
DA:41,0
LF:13
LH:0
BRDA:32,0,0,0
BRDA:32,0,1,0
BRF:2
BRH:0
end_of_record
TN:
SF:src/verify_solution_import_status.ts
FN:8,verifySolutionImportStatus
FNF:1
FNH:0
FNDA:0,verifySolutionImportStatus
DA:2,0
DA:3,0
DA:4,0
DA:6,0
DA:9,0
DA:11,0
DA:14,0
DA:21,0
DA:22,0
DA:23,0
DA:26,0
DA:29,0
DA:37,0
DA:40,0
DA:41,0
DA:42,0
DA:44,0
DA:47,0
DA:48,0
DA:49,0
DA:53,0
DA:55,0
DA:58,0
DA:59,0
DA:60,0
DA:63,0
DA:67,0
DA:68,0
DA:70,0
DA:71,0
DA:73,0
DA:76,0
DA:77,0
DA:82,0
DA:84,0
DA:88,0
LF:36
LH:0
BRDA:21,0,0,0
BRDA:48,1,0,0
BRDA:70,2,0,0
BRDA:70,2,1,0
BRDA:78,3,0,0
BRDA:78,3,1,0
BRF:6
BRH:0
end_of_record
TN:
SF:src/config/app.config.ts
FN:119,(anonymous_0)
FN:120,(anonymous_1)
FN:121,(anonymous_2)
FN:122,(anonymous_3)
FN:123,(anonymous_4)
FN:126,(anonymous_5)
FN:136,(anonymous_6)
FNF:7
FNH:0
FNDA:0,(anonymous_0)
FNDA:0,(anonymous_1)
FNDA:0,(anonymous_2)
FNDA:0,(anonymous_3)
FNDA:0,(anonymous_4)
FNDA:0,(anonymous_5)
FNDA:0,(anonymous_6)
DA:27,4
DA:113,4
DA:116,4
DA:119,4
DA:120,4
DA:121,4
DA:122,4
DA:123,4
DA:126,4
DA:127,0
DA:135,0
DA:136,0
DA:137,0
DA:138,0
DA:143,4
LF:15
LH:10
BRDA:30,0,0,4
BRDA:30,0,1,4
BRDA:31,1,0,4
BRDA:31,1,1,4
BRDA:32,2,0,4
BRDA:32,2,1,4
BRDA:35,3,0,4
BRDA:35,3,1,4
BRDA:36,4,0,4
BRDA:36,4,1,4
BRDA:37,5,0,4
BRDA:37,5,1,4
BRDA:38,6,0,4
BRDA:38,6,1,4
BRDA:41,7,0,4
BRDA:41,7,1,0
BRDA:44,8,0,0
BRDA:44,8,1,4
BRDA:60,9,0,4
BRDA:60,9,1,4
BRDA:61,10,0,4
BRDA:61,10,1,4
BRDA:62,11,0,4
BRDA:62,11,1,4
BRDA:65,12,0,4
BRDA:65,12,1,4
BRDA:66,13,0,4
BRDA:66,13,1,4
BRDA:67,14,0,4
BRDA:67,14,1,4
BRDA:68,15,0,4
BRDA:68,15,1,4
BRDA:71,16,0,4
BRDA:71,16,1,0
BRDA:75,17,0,4
BRDA:75,17,1,4
BRDA:80,18,0,4
BRDA:80,18,1,4
BRDA:86,19,0,4
BRDA:86,19,1,4
BRDA:87,20,0,4
BRDA:87,20,1,4
BRDA:88,21,0,4
BRDA:88,21,1,4
BRDA:91,22,0,4
BRDA:91,22,1,4
BRDA:92,23,0,4
BRDA:92,23,1,4
BRDA:93,24,0,4
BRDA:93,24,1,4
BRDA:94,25,0,4
BRDA:94,25,1,4
BRDA:97,26,0,4
BRDA:97,26,1,0
BRDA:101,27,0,4
BRDA:101,27,1,4
BRDA:106,28,0,4
BRDA:106,28,1,4
BRDA:113,29,0,4
BRDA:113,29,1,0
BRDA:137,30,0,0
BRF:61
BRH:55
end_of_record
TN:
SF:src/config/env.ts
FN:9,(anonymous_1)
FN:14,(anonymous_2)
FN:51,(anonymous_3)
FNF:3
FNH:2
FNDA:60,(anonymous_1)
FNDA:15,(anonymous_2)
FNDA:0,(anonymous_3)
DA:1,5
DA:3,5
DA:5,5
DA:6,5
DA:7,5
DA:9,5
DA:10,60
DA:11,0
DA:14,5
DA:15,15
DA:16,0
DA:17,0
DA:20,5
DA:51,0
LF:14
LH:10
BRDA:3,0,0,5
BRDA:3,0,1,5
BRDA:7,1,0,5
BRDA:7,1,1,5
BRDA:10,2,0,60
BRDA:15,3,0,15
BRDA:17,4,0,0
BRDA:17,4,1,0
BRDA:26,5,0,5
BRDA:26,5,1,5
BRDA:27,6,0,5
BRDA:27,6,1,5
BRDA:28,7,0,5
BRDA:28,7,1,5
BRDA:28,8,0,0
BRDA:28,8,1,5
BRDA:50,9,0,0
BRDA:50,9,1,5
BRDA:52,10,0,0
BRDA:52,10,1,5
BRDA:54,11,0,5
BRDA:54,11,1,5
BRDA:60,12,0,0
BRDA:60,12,1,5
BRDA:61,13,0,0
BRDA:61,13,1,5
BRDA:64,14,0,5
BRDA:64,14,1,5
BRDA:64,15,0,0
BRDA:64,15,1,5
BRDA:66,16,0,0
BRDA:66,16,1,5
BRDA:69,17,0,5
BRDA:69,17,1,5
BRDA:70,18,0,5
BRDA:70,18,1,5
BRF:36
BRH:27
end_of_record
TN:
SF:src/graphql/auth.ts
FN:166,(anonymous_0)
FN:190,(anonymous_1)
FN:199,(anonymous_2)
FN:234,(anonymous_3)
FN:240,(anonymous_4)
FN:244,(anonymous_5)
FN:253,(anonymous_6)
FN:273,(anonymous_7)
FN:278,(anonymous_8)
FN:287,(anonymous_9)
FN:317,(anonymous_10)
FN:326,(anonymous_11)
FN:343,(anonymous_12)
FN:344,(anonymous_13)
FN:348,(anonymous_14)
FN:357,(anonymous_15)
FN:377,(anonymous_16)
FN:385,(anonymous_17)
FN:393,(anonymous_18)
FN:399,(anonymous_19)
FN:410,(anonymous_20)
FN:418,(anonymous_21)
FN:423,(anonymous_22)
FN:440,(anonymous_23)
FN:476,(anonymous_24)
FN:485,(anonymous_25)
FN:494,(anonymous_26)
FN:504,(anonymous_27)
FN:522,(anonymous_28)
FN:532,(anonymous_29)
FN:551,(anonymous_30)
FN:567,(anonymous_31)
FN:577,(anonymous_32)
FN:587,(anonymous_33)
FN:609,(anonymous_34)
FN:621,(anonymous_35)
FN:656,(anonymous_36)
FN:665,(anonymous_37)
FN:698,(anonymous_38)
FN:718,(anonymous_39)
FN:754,(anonymous_40)
FN:763,(anonymous_41)
FN:808,(anonymous_42)
FN:873,(anonymous_43)
FNF:44
FNH:0
FNDA:0,(anonymous_0)
FNDA:0,(anonymous_1)
FNDA:0,(anonymous_2)
FNDA:0,(anonymous_3)
FNDA:0,(anonymous_4)
FNDA:0,(anonymous_5)
FNDA:0,(anonymous_6)
FNDA:0,(anonymous_7)
FNDA:0,(anonymous_8)
FNDA:0,(anonymous_9)
FNDA:0,(anonymous_10)
FNDA:0,(anonymous_11)
FNDA:0,(anonymous_12)
FNDA:0,(anonymous_13)
FNDA:0,(anonymous_14)
FNDA:0,(anonymous_15)
FNDA:0,(anonymous_16)
FNDA:0,(anonymous_17)
FNDA:0,(anonymous_18)
FNDA:0,(anonymous_19)
FNDA:0,(anonymous_20)
FNDA:0,(anonymous_21)
FNDA:0,(anonymous_22)
FNDA:0,(anonymous_23)
FNDA:0,(anonymous_24)
FNDA:0,(anonymous_25)
FNDA:0,(anonymous_26)
FNDA:0,(anonymous_27)
FNDA:0,(anonymous_28)
FNDA:0,(anonymous_29)
FNDA:0,(anonymous_30)
FNDA:0,(anonymous_31)
FNDA:0,(anonymous_32)
FNDA:0,(anonymous_33)
FNDA:0,(anonymous_34)
FNDA:0,(anonymous_35)
FNDA:0,(anonymous_36)
FNDA:0,(anonymous_37)
FNDA:0,(anonymous_38)
FNDA:0,(anonymous_39)
FNDA:0,(anonymous_40)
FNDA:0,(anonymous_41)
FNDA:0,(anonymous_42)
FNDA:0,(anonymous_43)
DA:1,0
DA:2,0
DA:5,0
DA:164,0
DA:167,0
DA:168,0
DA:171,0
DA:175,0
DA:176,0
DA:179,0
DA:191,0
DA:192,0
DA:195,0
DA:196,0
DA:200,0
DA:201,0
DA:205,0
DA:206,0
DA:209,0
DA:213,0
DA:214,0
DA:217,0
DA:218,0
DA:220,0
DA:224,0
DA:234,0
DA:240,0
DA:245,0
DA:246,0
DA:249,0
DA:250,0
DA:254,0
DA:255,0
DA:259,0
DA:262,0
DA:263,0
DA:266,0
DA:273,0
DA:278,0
DA:288,0
DA:289,0
DA:293,0
DA:296,0
DA:297,0
DA:300,0
DA:308,0
DA:309,0
DA:312,0
DA:317,0
DA:327,0
DA:328,0
DA:331,0
DA:342,0
DA:343,0
DA:344,0
DA:348,0
DA:358,0
DA:359,0
DA:363,0
DA:366,0
DA:367,0
DA:370,0
DA:372,0
DA:373,0
DA:377,0
DA:380,0
DA:381,0
DA:385,0
DA:388,0
DA:389,0
DA:393,0
DA:396,0
DA:400,0
DA:401,0
DA:404,0
DA:410,0
DA:419,0
DA:420,0
DA:424,0
DA:425,0
DA:429,0
DA:437,0
DA:441,0
DA:442,0
DA:443,0
DA:445,0
DA:452,0
DA:453,0
DA:456,0
DA:457,0
DA:467,0
DA:472,0
DA:477,0
DA:478,0
DA:481,0
DA:482,0
DA:486,0
DA:487,0
DA:490,0
DA:491,0
DA:495,0
DA:496,0
DA:499,0
DA:500,0
DA:501,0
DA:505,0
DA:506,0
DA:509,0
DA:510,0
DA:512,0
DA:519,0
DA:523,0
DA:524,0
DA:527,0
DA:528,0
DA:529,0
DA:533,0
DA:534,0
DA:537,0
DA:538,0
DA:540,0
DA:548,0
DA:552,0
DA:553,0
DA:556,0
DA:557,0
DA:564,0
DA:568,0
DA:569,0
DA:572,0
DA:573,0
DA:574,0
DA:578,0
DA:579,0
DA:582,0
DA:583,0
DA:584,0
DA:588,0
DA:589,0
DA:593,0
DA:596,0
DA:597,0
DA:601,0
DA:604,0
DA:605,0
DA:609,0
DA:611,0
DA:619,0
DA:620,0
DA:621,0
DA:631,0
DA:641,0
DA:651,0
DA:656,0
DA:666,0
DA:667,0
DA:671,0
DA:674,0
DA:675,0
DA:679,0
DA:683,0
DA:684,0
DA:688,0
DA:689,0
DA:692,0
DA:693,0
DA:698,0
DA:700,0
DA:709,0
DA:711,0
DA:716,0
DA:717,0
DA:718,0
DA:729,0
DA:739,0
DA:749,0
DA:754,0
DA:764,0
DA:765,0
DA:769,0
DA:772,0
DA:773,0
DA:777,0
DA:782,0
DA:783,0
DA:787,0
DA:801,0
DA:805,0
DA:809,0
DA:810,0
DA:814,0
DA:817,0
DA:818,0
DA:822,0
DA:825,0
DA:826,0
DA:830,0
DA:833,0
DA:834,0
DA:838,0
DA:845,0
DA:846,0
DA:850,0
DA:858,0
DA:870,0
DA:874,0
DA:875,0
DA:879,0
DA:882,0
DA:883,0
DA:887,0
DA:890,0
DA:891,0
DA:895,0
DA:905,0
DA:906,0
DA:910,0
DA:923,0
DA:927,0
LF:219
LH:0
BRDA:167,0,0,0
BRDA:175,1,0,0
BRDA:191,2,0,0
BRDA:200,3,0,0
BRDA:205,4,0,0
BRDA:205,5,0,0
BRDA:205,5,1,0
BRDA:213,6,0,0
BRDA:245,7,0,0
BRDA:254,8,0,0
BRDA:262,9,0,0
BRDA:288,10,0,0
BRDA:296,11,0,0
BRDA:308,12,0,0
BRDA:327,13,0,0
BRDA:358,14,0,0
BRDA:366,15,0,0
BRDA:372,16,0,0
BRDA:372,17,0,0
BRDA:372,17,1,0
BRDA:380,18,0,0
BRDA:380,19,0,0
BRDA:380,19,1,0
BRDA:388,20,0,0
BRDA:388,21,0,0
BRDA:388,21,1,0
BRDA:399,22,0,0
BRDA:399,23,0,0
BRDA:400,24,0,0
BRDA:400,25,0,0
BRDA:400,25,1,0
BRDA:412,26,0,0
BRDA:412,26,1,0
BRDA:424,27,0,0
BRDA:452,28,0,0
BRDA:477,29,0,0
BRDA:486,30,0,0
BRDA:495,31,0,0
BRDA:505,32,0,0
BRDA:523,33,0,0
BRDA:533,34,0,0
BRDA:552,35,0,0
BRDA:568,36,0,0
BRDA:578,37,0,0
BRDA:588,38,0,0
BRDA:596,39,0,0
BRDA:604,40,0,0
BRDA:614,41,0,0
BRDA:614,41,1,0
BRDA:619,42,0,0
BRDA:619,43,0,0
BRDA:619,43,1,0
BRDA:624,44,0,0
BRDA:624,44,1,0
BRDA:647,45,0,0
BRDA:647,45,1,0
BRDA:666,46,0,0
BRDA:674,47,0,0
BRDA:683,48,0,0
BRDA:688,49,0,0
BRDA:688,50,0,0
BRDA:688,50,1,0
BRDA:692,51,0,0
BRDA:703,52,0,0
BRDA:703,52,1,0
BRDA:704,53,0,0
BRDA:704,53,1,0
BRDA:709,54,0,0
BRDA:716,55,0,0
BRDA:721,56,0,0
BRDA:721,56,1,0
BRDA:764,57,0,0
BRDA:772,58,0,0
BRDA:782,59,0,0
BRDA:809,60,0,0
BRDA:817,61,0,0
BRDA:825,62,0,0
BRDA:833,63,0,0
BRDA:845,64,0,0
BRDA:874,65,0,0
BRDA:882,66,0,0
BRDA:890,67,0,0
BRDA:905,68,0,0
BRF:83
BRH:0
end_of_record
TN:
SF:src/lib/audit.ts
FN:3,logAudit
FNF:1
FNH:0
FNDA:0,logAudit
DA:1,5
DA:3,5
DA:4,0
DA:5,0
LF:4
LH:2
BRDA:5,0,0,0
BRDA:5,0,1,0
BRF:2
BRH:0
end_of_record
TN:
SF:src/lib/auth.ts
FN:3,ensureAuth
FN:21,ensureRole
FN:33,(anonymous_2)
FN:44,requireUser
FNF:4
FNH:2
FNDA:7,ensureAuth
FNDA:0,ensureRole
FNDA:0,(anonymous_2)
FNDA:7,requireUser
DA:1,5
DA:3,5
DA:4,7
DA:5,1
DA:8,7
DA:9,0
DA:12,7
DA:13,0
DA:16,7
DA:17,5
DA:21,5
DA:22,0
DA:24,0
DA:26,0
DA:27,0
DA:29,0
DA:30,0
DA:33,0
DA:35,0
DA:36,0
DA:37,0
DA:38,0
DA:40,0
DA:44,5
DA:45,7
LF:25
LH:11
BRDA:4,0,0,1
BRDA:4,1,0,7
BRDA:4,1,1,1
BRDA:8,2,0,0
BRDA:8,3,0,7
BRDA:8,3,1,0
BRDA:12,4,0,0
BRDA:12,5,0,7
BRDA:12,5,1,7
BRDA:12,5,2,0
BRDA:16,6,0,5
BRDA:16,7,0,7
BRDA:16,7,1,7
BRDA:17,8,0,0
BRDA:17,8,1,5
BRDA:24,9,0,0
BRDA:26,10,0,0
BRDA:26,10,1,0
BRDA:27,11,0,0
BRDA:27,11,1,0
BRDA:29,12,0,0
BRDA:29,13,0,0
BRDA:29,13,1,0
BRDA:35,14,0,0
BRDA:36,15,0,0
BRF:25
BRH:10
end_of_record
TN:
SF:src/lib/changes.ts
FN:4,createChangeSet
FN:29,recordChange
FN:37,commitChangeSet
FN:41,undoChangeSet
FN:46,listChangeSets
FN:50,getChangeSet
FN:54,getChangeItems
FN:58,revertChangeSet
FNF:8
FNH:0
FNDA:0,createChangeSet
FNDA:0,recordChange
FNDA:0,commitChangeSet
FNDA:0,undoChangeSet
FNDA:0,listChangeSets
FNDA:0,getChangeSet
FNDA:0,getChangeItems
FNDA:0,revertChangeSet
DA:1,5
DA:2,5
DA:4,5
DA:6,0
DA:7,0
DA:11,0
DA:12,0
DA:17,0
DA:19,0
DA:22,0
DA:25,0
DA:29,5
DA:31,0
DA:32,0
DA:34,0
DA:37,5
DA:38,0
DA:41,5
DA:42,0
DA:43,0
DA:46,5
DA:47,0
DA:50,5
DA:51,0
DA:54,5
DA:55,0
DA:58,5
DA:59,0
DA:60,0
DA:61,0
DA:62,0
DA:63,0
DA:64,0
DA:68,0
DA:70,0
DA:71,0
DA:72,0
DA:73,0
DA:77,0
DA:80,0
LF:40
LH:10
BRDA:6,0,0,0
BRDA:6,1,0,0
BRDA:6,1,1,0
BRDA:17,2,0,0
BRDA:31,3,0,0
BRDA:46,4,0,0
BRDA:61,5,0,0
BRDA:61,6,0,0
BRDA:61,6,1,0
BRDA:68,7,0,0
BRDA:70,8,0,0
BRDA:70,9,0,0
BRDA:70,9,1,0
BRDA:77,10,0,0
BRF:14
BRH:0
end_of_record
TN:
SF:src/lib/csv.ts
FN:4,exportCsv
FN:12,importCsv
FN:14,(anonymous_3)
FNF:3
FNH:0
FNDA:0,exportCsv
FNDA:0,importCsv
FNDA:0,(anonymous_3)
DA:2,5
DA:4,5
DA:5,0
DA:12,5
DA:13,0
DA:14,0
DA:15,0
LF:7
LH:3
BRDA:14,0,0,0
BRF:1
BRH:0
end_of_record
TN:
SF:src/lib/csvSamples.ts
FN:61,generateProductSampleCsv
FN:65,generateTaskSampleCsv
FN:72,validateProductHeaders
FN:76,(anonymous_3)
FN:77,(anonymous_4)
FN:89,validateTaskHeaders
FN:93,(anonymous_6)
FN:94,(anonymous_7)
FNF:8
FNH:0
FNDA:0,generateProductSampleCsv
FNDA:0,generateTaskSampleCsv
FNDA:0,validateProductHeaders
FNDA:0,(anonymous_3)
FNDA:0,(anonymous_4)
FNDA:0,validateTaskHeaders
FNDA:0,(anonymous_6)
FNDA:0,(anonymous_7)
DA:8,5
DA:28,5
DA:61,5
DA:62,0
DA:65,5
DA:66,0
DA:72,5
DA:73,0
DA:74,0
DA:76,0
DA:77,0
DA:79,0
DA:89,5
DA:90,0
DA:91,0
DA:93,0
DA:94,0
DA:96,0
LF:18
LH:6
BRF:0
BRH:0
end_of_record
TN:
SF:src/lib/dataloaders.ts
FN:25,createProductLoader
FN:26,(anonymous_2)
FN:37,(anonymous_3)
FN:38,(anonymous_4)
FN:45,createTaskLoader
FN:46,(anonymous_6)
FN:56,(anonymous_7)
FN:57,(anonymous_8)
FN:64,createUserLoader
FN:65,(anonymous_10)
FN:80,(anonymous_11)
FN:81,(anonymous_12)
FN:88,createCustomerLoader
FN:89,(anonymous_14)
FN:94,(anonymous_15)
FN:95,(anonymous_16)
FN:102,createSolutionLoader
FN:103,(anonymous_18)
FN:116,(anonymous_19)
FN:117,(anonymous_20)
FN:124,createTasksByProductLoader
FN:125,(anonymous_22)
FN:147,(anonymous_23)
FN:154,createTasksBySolutionLoader
FN:155,(anonymous_25)
FN:176,(anonymous_26)
FN:184,createLoaders
FNF:27
FNH:8
FNDA:1,createProductLoader
FNDA:0,(anonymous_2)
FNDA:0,(anonymous_3)
FNDA:0,(anonymous_4)
FNDA:1,createTaskLoader
FNDA:0,(anonymous_6)
FNDA:0,(anonymous_7)
FNDA:0,(anonymous_8)
FNDA:1,createUserLoader
FNDA:0,(anonymous_10)
FNDA:0,(anonymous_11)
FNDA:0,(anonymous_12)
FNDA:1,createCustomerLoader
FNDA:0,(anonymous_14)
FNDA:0,(anonymous_15)
FNDA:0,(anonymous_16)
FNDA:1,createSolutionLoader
FNDA:0,(anonymous_18)
FNDA:0,(anonymous_19)
FNDA:0,(anonymous_20)
FNDA:1,createTasksByProductLoader
FNDA:0,(anonymous_22)
FNDA:0,(anonymous_23)
FNDA:1,createTasksBySolutionLoader
FNDA:0,(anonymous_25)
FNDA:0,(anonymous_26)
FNDA:1,createLoaders
DA:1,5
DA:25,5
DA:26,1
DA:27,0
DA:37,0
DA:38,0
DA:45,5
DA:46,1
DA:47,0
DA:56,0
DA:57,0
DA:64,5
DA:65,1
DA:66,0
DA:80,0
DA:81,0
DA:88,5
DA:89,1
DA:90,0
DA:94,0
DA:95,0
DA:102,5
DA:103,1
DA:104,0
DA:116,0
DA:117,0
DA:124,5
DA:125,1
DA:126,0
DA:137,0
DA:138,0
DA:139,0
DA:140,0
DA:141,0
DA:143,0
DA:147,0
DA:154,5
DA:155,1
DA:156,0
DA:166,0
DA:167,0
DA:168,0
DA:169,0
DA:170,0
DA:172,0
DA:176,0
DA:184,5
DA:185,1
LF:48
LH:17
BRDA:38,0,0,0
BRDA:38,0,1,0
BRDA:57,1,0,0
BRDA:57,1,1,0
BRDA:81,2,0,0
BRDA:81,2,1,0
BRDA:95,3,0,0
BRDA:95,3,1,0
BRDA:117,4,0,0
BRDA:117,4,1,0
BRDA:139,5,0,0
BRDA:140,6,0,0
BRDA:147,7,0,0
BRDA:147,7,1,0
BRDA:168,8,0,0
BRDA:169,9,0,0
BRDA:176,10,0,0
BRDA:176,10,1,0
BRF:18
BRH:0
end_of_record
TN:
SF:src/lib/fallbackStore.ts
FN:13,(anonymous_0)
FN:345,getOutcomesForTask
FN:346,(anonymous_2)
FN:346,(anonymous_3)
FN:347,(anonymous_4)
FN:350,addTaskOutcome
FN:351,(anonymous_6)
FN:357,removeTaskOutcome
FN:358,(anonymous_8)
FN:364,createProduct
FN:368,updateProduct
FN:369,(anonymous_11)
FN:372,softDeleteProduct
FN:372,(anonymous_13)
FN:374,listProducts
FN:374,(anonymous_15)
FN:376,createTask
FN:379,(anonymous_17)
FN:389,(anonymous_18)
FN:392,(anonymous_19)
FN:402,updateTask
FN:402,(anonymous_21)
FN:403,softDeleteTask
FN:403,(anonymous_23)
FN:405,listTasksForProduct
FN:405,(anonymous_25)
FN:407,createSolution
FN:408,updateSolution
FN:408,(anonymous_28)
FN:409,softDeleteSolution
FN:409,(anonymous_30)
FN:410,listSolutions
FN:410,(anonymous_32)
FN:412,createCustomer
FN:413,updateCustomer
FN:413,(anonymous_35)
FN:414,softDeleteCustomer
FN:414,(anonymous_37)
FN:415,listCustomers
FN:415,(anonymous_39)
FN:418,createLicense
FN:419,updateLicense
FN:419,(anonymous_42)
FN:420,softDeleteLicense
FN:420,(anonymous_44)
FN:421,listLicenses
FN:421,(anonymous_46)
FN:425,createTaskStatus
FN:426,updateTaskStatus
FN:426,(anonymous_49)
FN:427,deleteTaskStatus
FN:427,(anonymous_51)
FN:430,createOutcome
FN:431,updateOutcome
FN:431,(anonymous_54)
FN:432,softDeleteOutcome
FN:432,(anonymous_56)
FN:433,listOutcomes
FN:433,(anonymous_58)
FN:434,listOutcomesForProduct
FN:434,(anonymous_60)
FN:437,addProductToSolution
FN:437,(anonymous_62)
FN:438,removeProductFromSolution
FN:438,(anonymous_64)
FN:438,(anonymous_65)
FN:439,addProductToCustomer
FN:439,(anonymous_67)
FN:440,removeProductFromCustomer
FN:440,(anonymous_69)
FN:440,(anonymous_70)
FN:441,addSolutionToCustomer
FN:441,(anonymous_72)
FN:442,removeSolutionFromCustomer
FN:442,(anonymous_74)
FN:442,(anonymous_75)
FN:445,reorderTasks
FN:446,(anonymous_77)
FN:450,(anonymous_78)
FN:453,(anonymous_79)
FN:462,(anonymous_80)
FN:467,buildConnection
FN:469,(anonymous_82)
FN:475,(anonymous_83)
FN:476,(anonymous_84)
FN:477,(anonymous_85)
FNF:86
FNH:5
FNDA:0,(anonymous_0)
FNDA:0,getOutcomesForTask
FNDA:0,(anonymous_2)
FNDA:0,(anonymous_3)
FNDA:0,(anonymous_4)
FNDA:0,addTaskOutcome
FNDA:0,(anonymous_6)
FNDA:0,removeTaskOutcome
FNDA:0,(anonymous_8)
FNDA:0,createProduct
FNDA:0,updateProduct
FNDA:0,(anonymous_11)
FNDA:0,softDeleteProduct
FNDA:0,(anonymous_13)
FNDA:1,listProducts
FNDA:4,(anonymous_15)
FNDA:0,createTask
FNDA:0,(anonymous_17)
FNDA:0,(anonymous_18)
FNDA:0,(anonymous_19)
FNDA:0,updateTask
FNDA:0,(anonymous_21)
FNDA:0,softDeleteTask
FNDA:0,(anonymous_23)
FNDA:0,listTasksForProduct
FNDA:0,(anonymous_25)
FNDA:0,createSolution
FNDA:0,updateSolution
FNDA:0,(anonymous_28)
FNDA:0,softDeleteSolution
FNDA:0,(anonymous_30)
FNDA:0,listSolutions
FNDA:0,(anonymous_32)
FNDA:0,createCustomer
FNDA:0,updateCustomer
FNDA:0,(anonymous_35)
FNDA:0,softDeleteCustomer
FNDA:0,(anonymous_37)
FNDA:0,listCustomers
FNDA:0,(anonymous_39)
FNDA:0,createLicense
FNDA:0,updateLicense
FNDA:0,(anonymous_42)
FNDA:0,softDeleteLicense
FNDA:0,(anonymous_44)
FNDA:0,listLicenses
FNDA:0,(anonymous_46)
FNDA:0,createTaskStatus
FNDA:0,updateTaskStatus
FNDA:0,(anonymous_49)
FNDA:0,deleteTaskStatus
FNDA:0,(anonymous_51)
FNDA:0,createOutcome
FNDA:0,updateOutcome
FNDA:0,(anonymous_54)
FNDA:0,softDeleteOutcome
FNDA:0,(anonymous_56)
FNDA:0,listOutcomes
FNDA:0,(anonymous_58)
FNDA:0,listOutcomesForProduct
FNDA:0,(anonymous_60)
FNDA:0,addProductToSolution
FNDA:0,(anonymous_62)
FNDA:0,removeProductFromSolution
FNDA:0,(anonymous_64)
FNDA:0,(anonymous_65)
FNDA:0,addProductToCustomer
FNDA:0,(anonymous_67)
FNDA:0,removeProductFromCustomer
FNDA:0,(anonymous_69)
FNDA:0,(anonymous_70)
FNDA:0,addSolutionToCustomer
FNDA:0,(anonymous_72)
FNDA:0,removeSolutionFromCustomer
FNDA:0,(anonymous_74)
FNDA:0,(anonymous_75)
FNDA:0,reorderTasks
FNDA:0,(anonymous_77)
FNDA:0,(anonymous_78)
FNDA:0,(anonymous_79)
FNDA:0,(anonymous_80)
FNDA:1,buildConnection
FNDA:4,(anonymous_82)
FNDA:1,(anonymous_83)
FNDA:0,(anonymous_84)
FNDA:0,(anonymous_85)
DA:12,5
DA:13,5
DA:15,5
DA:21,5
DA:270,5
DA:275,5
DA:282,5
DA:303,5
DA:312,5
DA:336,5
DA:345,5
DA:346,0
DA:347,0
DA:350,5
DA:351,0
DA:352,0
DA:354,0
DA:357,5
DA:358,0
DA:359,0
DA:360,0
DA:364,5
DA:365,0
DA:366,0
DA:368,5
DA:369,0
DA:370,0
DA:372,5
DA:374,5
DA:376,5
DA:378,0
DA:379,0
DA:380,0
DA:384,0
DA:385,0
DA:389,0
DA:390,0
DA:392,0
DA:394,0
DA:395,0
DA:398,0
DA:399,0
DA:400,0
DA:402,5
DA:403,5
DA:405,5
DA:407,5
DA:408,5
DA:409,5
DA:410,5
DA:412,5
DA:413,5
DA:414,5
DA:415,5
DA:418,5
DA:419,5
DA:420,5
DA:421,5
DA:424,5
DA:425,5
DA:426,5
DA:427,5
DA:430,5
DA:431,5
DA:432,5
DA:433,5
DA:434,5
DA:437,5
DA:438,5
DA:439,5
DA:440,5
DA:441,5
DA:442,5
DA:445,5
DA:446,0
DA:447,0
DA:450,0
DA:453,0
DA:454,0
DA:455,0
DA:456,0
DA:457,0
DA:462,0
DA:463,0
DA:468,1
DA:469,4
DA:474,5
DA:475,1
DA:476,0
DA:477,0
LF:90
LH:53
BRDA:347,0,0,0
BRDA:347,0,1,0
BRDA:351,1,0,0
BRDA:351,2,0,0
BRDA:351,2,1,0
BRDA:358,3,0,0
BRDA:358,3,1,0
BRDA:359,4,0,0
BRDA:369,5,0,0
BRDA:369,5,1,0
BRDA:369,6,0,0
BRDA:372,7,0,0
BRDA:372,7,1,0
BRDA:372,8,0,0
BRDA:378,9,0,0
BRDA:378,9,1,0
BRDA:380,10,0,0
BRDA:380,10,1,0
BRDA:380,10,2,0
BRDA:380,10,3,0
BRDA:380,10,4,0
BRDA:384,11,0,0
BRDA:390,12,0,0
BRDA:390,12,1,0
BRDA:390,12,2,0
BRDA:390,12,3,0
BRDA:394,13,0,0
BRDA:402,14,0,0
BRDA:403,15,0,0
BRDA:403,15,1,0
BRDA:403,16,0,0
BRDA:405,17,0,0
BRDA:405,17,1,0
BRDA:408,18,0,0
BRDA:408,18,1,0
BRDA:408,19,0,0
BRDA:409,20,0,0
BRDA:409,20,1,0
BRDA:409,21,0,0
BRDA:413,22,0,0
BRDA:413,22,1,0
BRDA:413,23,0,0
BRDA:414,24,0,0
BRDA:414,24,1,0
BRDA:414,25,0,0
BRDA:419,26,0,0
BRDA:419,26,1,0
BRDA:419,27,0,0
BRDA:420,28,0,0
BRDA:420,28,1,0
BRDA:420,29,0,0
BRDA:426,30,0,0
BRDA:427,31,0,0
BRDA:431,32,0,0
BRDA:431,32,1,0
BRDA:431,33,0,0
BRDA:432,34,0,0
BRDA:432,34,1,0
BRDA:432,35,0,0
BRDA:434,36,0,0
BRDA:434,36,1,0
BRDA:437,37,0,0
BRDA:437,38,0,0
BRDA:438,39,0,0
BRDA:439,40,0,0
BRDA:439,41,0,0
BRDA:440,42,0,0
BRDA:441,43,0,0
BRDA:441,44,0,0
BRDA:442,45,0,0
BRDA:447,46,0,0
BRDA:455,47,0,0
BRDA:470,48,0,1
BRDA:470,48,1,0
BRDA:470,49,0,1
BRDA:470,49,1,0
BRF:76
BRH:2
end_of_record
TN:
SF:src/lib/lock.ts
FN:5,acquireLock
FN:18,releaseLock
FNF:2
FNH:0
FNDA:0,acquireLock
FNDA:0,releaseLock
DA:1,5
DA:3,5
DA:5,5
DA:6,0
DA:7,0
DA:8,0
DA:9,0
DA:10,0
DA:12,0
DA:15,0
DA:18,5
DA:19,0
LF:12
LH:4
BRDA:8,0,0,0
BRDA:9,1,0,0
BRDA:9,1,1,0
BRF:3
BRH:0
end_of_record
TN:
SF:src/lib/pagination.ts
FN:7,encodeCursor
FN:12,decodeCursor
FN:31,buildConnection
FN:32,(anonymous_12)
FN:46,fetchProductsPaginated
FN:156,fetchTasksPaginated
FN:163,(anonymous_15)
FN:166,(anonymous_16)
FN:168,(anonymous_17)
FN:172,(anonymous_18)
FN:175,(anonymous_19)
FN:177,(anonymous_20)
FN:232,fetchSolutionsPaginated
FNF:13
FNH:0
FNDA:0,encodeCursor
FNDA:0,decodeCursor
FNDA:0,buildConnection
FNDA:0,(anonymous_12)
FNDA:0,fetchProductsPaginated
FNDA:0,fetchTasksPaginated
FNDA:0,(anonymous_15)
FNDA:0,(anonymous_16)
FNDA:0,(anonymous_17)
FNDA:0,(anonymous_18)
FNDA:0,(anonymous_19)
FNDA:0,(anonymous_20)
FNDA:0,fetchSolutionsPaginated
DA:1,5
DA:2,5
DA:3,5
DA:7,5
DA:8,0
DA:9,0
DA:10,0
DA:12,5
DA:13,0
DA:14,0
DA:15,0
DA:16,0
DA:17,0
DA:18,0
DA:20,0
DA:31,5
DA:32,0
DA:33,0
DA:46,5
DA:47,0
DA:48,0
DA:49,0
DA:54,0
DA:56,0
DA:57,0
DA:62,0
DA:64,0
DA:65,0
DA:66,0
DA:67,0
DA:70,0
DA:71,0
DA:74,0
DA:76,0
DA:77,0
DA:78,0
DA:79,0
DA:80,0
DA:82,0
DA:83,0
DA:86,0
DA:87,0
DA:88,0
DA:89,0
DA:90,0
DA:91,0
DA:92,0
DA:93,0
DA:97,0
DA:98,0
DA:100,0
DA:110,0
DA:111,0
DA:112,0
DA:113,0
DA:114,0
DA:115,0
DA:116,0
DA:117,0
DA:118,0
DA:122,0
DA:123,0
DA:125,0
DA:135,0
DA:136,0
DA:137,0
DA:139,0
DA:149,0
DA:150,0
DA:152,0
DA:153,0
DA:156,5
DA:157,0
DA:158,0
DA:160,0
DA:163,0
DA:165,0
DA:166,0
DA:167,0
DA:168,0
DA:172,0
DA:175,0
DA:177,0
DA:180,0
DA:183,0
DA:184,0
DA:185,0
DA:186,0
DA:187,0
DA:188,0
DA:191,0
DA:192,0
DA:193,0
DA:194,0
DA:195,0
DA:199,0
DA:200,0
DA:201,0
DA:204,0
DA:205,0
DA:207,0
DA:208,0
DA:209,0
DA:210,0
DA:211,0
DA:212,0
DA:213,0
DA:214,0
DA:215,0
DA:216,0
DA:217,0
DA:218,0
DA:219,0
DA:220,0
DA:221,0
DA:222,0
DA:224,0
DA:225,0
DA:226,0
DA:228,0
DA:229,0
DA:232,5
DA:233,0
DA:236,0
DA:237,0
DA:239,0
DA:240,0
DA:241,0
DA:244,0
DA:245,0
DA:246,0
DA:247,0
DA:251,0
DA:252,0
DA:253,0
DA:257,0
DA:272,0
DA:277,0
LF:138
LH:9
BRDA:8,0,0,0
BRDA:9,1,0,0
BRDA:9,1,1,0
BRDA:13,2,0,0
BRDA:17,3,0,0
BRDA:17,4,0,0
BRDA:17,4,1,0
BRDA:47,5,0,0
BRDA:47,5,1,0
BRDA:48,6,0,0
BRDA:48,7,0,0
BRDA:48,7,1,0
BRDA:56,8,0,0
BRDA:66,9,0,0
BRDA:66,10,0,0
BRDA:66,10,1,0
BRDA:70,11,0,0
BRDA:79,12,0,0
BRDA:80,13,0,0
BRDA:82,14,0,0
BRDA:83,15,0,0
BRDA:88,16,0,0
BRDA:88,16,1,0
BRDA:92,17,0,0
BRDA:92,17,1,0
BRDA:97,18,0,0
BRDA:113,19,0,0
BRDA:113,19,1,0
BRDA:117,20,0,0
BRDA:117,20,1,0
BRDA:122,21,0,0
BRDA:157,22,0,0
BRDA:157,22,1,0
BRDA:158,23,0,0
BRDA:158,24,0,0
BRDA:158,24,1,0
BRDA:165,25,0,0
BRDA:165,25,1,0
BRDA:167,26,0,0
BRDA:172,27,0,0
BRDA:172,27,1,0
BRDA:172,28,0,0
BRDA:172,28,1,0
BRDA:183,29,0,0
BRDA:183,29,1,0
BRDA:186,30,0,0
BRDA:186,31,0,0
BRDA:186,31,1,0
BRDA:187,32,0,0
BRDA:187,33,0,0
BRDA:187,33,1,0
BRDA:188,34,0,0
BRDA:188,35,0,0
BRDA:188,35,1,0
BRDA:192,36,0,0
BRDA:192,36,1,0
BRDA:194,37,0,0
BRDA:199,38,0,0
BRDA:199,38,1,0
BRDA:199,39,0,0
BRDA:199,39,1,0
BRDA:207,40,0,0
BRDA:207,40,1,0
BRDA:210,41,0,0
BRDA:215,42,0,0
BRDA:215,42,1,0
BRDA:218,43,0,0
BRDA:233,44,0,0
BRDA:237,45,0,0
BRDA:237,45,1,0
BRDA:239,46,0,0
BRDA:244,47,0,0
BRDA:246,48,0,0
BRDA:246,48,1,0
BRDA:247,49,0,0
BRDA:247,49,1,0
BRDA:252,50,0,0
BRF:77
BRH:0
end_of_record
TN:
SF:src/lib/permissions.ts
FN:27,checkUserPermission
FN:57,(anonymous_1)
FN:82,(anonymous_2)
FN:366,hasPermissionLevel
FN:378,getUserAccessibleResources
FN:408,(anonymous_5)
FN:680,(anonymous_6)
FN:698,requirePermission
FN:724,filterAccessibleResources
FN:749,(anonymous_9)
FN:756,canUserAccessResource
FN:781,getUserPermissionLevel
FN:805,(anonymous_12)
FNF:13
FNH:6
FNDA:10,checkUserPermission
FNDA:2,(anonymous_1)
FNDA:1,(anonymous_2)
FNDA:1,hasPermissionLevel
FNDA:2,getUserAccessibleResources
FNDA:0,(anonymous_5)
FNDA:0,(anonymous_6)
FNDA:3,requirePermission
FNDA:0,filterAccessibleResources
FNDA:0,(anonymous_9)
FNDA:0,canUserAccessResource
FNDA:0,getUserPermissionLevel
FNDA:0,(anonymous_12)
DA:1,6
DA:7,6
DA:27,6
DA:35,10
DA:40,10
DA:41,4
DA:44,6
DA:45,1
DA:48,5
DA:49,1
DA:53,4
DA:57,4
DA:58,4
DA:60,4
DA:61,4
DA:64,4
DA:65,1
DA:66,1
DA:70,3
DA:71,1
DA:72,0
DA:74,1
DA:75,1
DA:80,2
DA:82,2
DA:83,1
DA:84,1
DA:89,2
DA:103,2
DA:104,1
DA:108,2
DA:128,2
DA:129,0
DA:130,0
DA:131,0
DA:140,2
DA:142,2
DA:150,2
DA:151,0
DA:155,2
DA:166,2
DA:167,0
DA:168,0
DA:169,0
DA:171,0
DA:178,2
DA:180,1
DA:185,1
DA:187,0
DA:196,0
DA:197,0
DA:201,0
DA:202,0
DA:203,0
DA:204,0
DA:206,0
DA:216,2
DA:218,0
DA:226,0
DA:227,0
DA:232,0
DA:243,0
DA:244,0
DA:245,0
DA:246,0
DA:248,0
DA:255,0
DA:256,0
DA:262,0
DA:263,0
DA:267,0
DA:269,0
DA:271,0
DA:282,0
DA:284,0
DA:285,0
DA:289,0
DA:290,0
DA:291,0
DA:292,0
DA:293,0
DA:296,0
DA:297,0
DA:300,0
DA:305,0
DA:306,0
DA:307,0
DA:311,0
DA:314,0
DA:316,0
DA:317,0
DA:329,0
DA:330,0
DA:331,0
DA:336,0
DA:337,0
DA:338,0
DA:339,0
DA:341,0
DA:342,0
DA:350,0
DA:356,2
DA:357,1
DA:360,1
DA:370,1
DA:378,6
DA:385,2
DA:386,0
DA:390,2
DA:395,2
DA:396,2
DA:399,0
DA:400,0
DA:404,0
DA:408,0
DA:409,0
DA:411,0
DA:412,0
DA:415,0
DA:416,0
DA:417,0
DA:421,0
DA:422,0
DA:423,0
DA:425,0
DA:426,0
DA:430,0
DA:431,0
DA:434,0
DA:441,0
DA:442,0
DA:443,0
DA:444,0
DA:445,0
DA:447,0
DA:452,0
DA:453,0
DA:457,0
DA:470,0
DA:471,0
DA:472,0
DA:473,0
DA:474,0
DA:475,0
DA:477,0
DA:487,0
DA:490,0
DA:497,0
DA:498,0
DA:500,0
DA:501,0
DA:502,0
DA:503,0
DA:504,0
DA:506,0
DA:512,0
DA:513,0
DA:526,0
DA:527,0
DA:528,0
DA:529,0
DA:530,0
DA:531,0
DA:532,0
DA:534,0
DA:538,0
DA:543,0
DA:545,0
DA:548,0
DA:550,0
DA:557,0
DA:558,0
DA:564,0
DA:566,0
DA:574,0
DA:575,0
DA:576,0
DA:581,0
DA:597,0
DA:598,0
DA:599,0
DA:600,0
DA:601,0
DA:608,0
DA:615,0
DA:616,0
DA:618,0
DA:619,0
DA:620,0
DA:621,0
DA:622,0
DA:624,0
DA:630,0
DA:631,0
DA:644,0
DA:645,0
DA:646,0
DA:647,0
DA:648,0
DA:649,0
DA:650,0
DA:652,0
DA:656,0
DA:661,0
DA:663,0
DA:666,0
DA:668,0
DA:673,0
DA:674,0
DA:680,0
DA:681,0
DA:684,0
DA:685,0
DA:691,0
DA:698,6
DA:704,3
DA:705,0
DA:708,3
DA:716,3
DA:717,3
DA:724,6
DA:731,0
DA:739,0
DA:740,0
DA:744,0
DA:745,0
DA:749,0
DA:756,6
DA:762,0
DA:763,0
DA:766,0
DA:781,6
DA:787,0
DA:792,0
DA:793,0
DA:796,0
DA:797,0
DA:801,0
DA:805,0
DA:806,0
DA:808,0
DA:809,0
DA:812,0
DA:813,0
DA:814,0
DA:818,0
DA:819,0
DA:820,0
DA:822,0
DA:823,0
DA:827,0
DA:830,0
DA:841,0
DA:842,0
DA:843,0
DA:848,0
DA:867,0
DA:868,0
DA:869,0
DA:870,0
DA:871,0
DA:877,0
LF:262
LH:57
BRDA:40,0,0,4
BRDA:44,1,0,1
BRDA:48,2,0,1
BRDA:61,3,0,4
BRDA:61,3,1,4
BRDA:64,4,0,1
BRDA:65,5,0,1
BRDA:65,6,0,1
BRDA:65,6,1,0
BRDA:70,7,0,1
BRDA:71,8,0,0
BRDA:74,9,0,1
BRDA:74,10,0,1
BRDA:74,10,1,0
BRDA:74,10,2,1
BRDA:83,11,0,1
BRDA:83,12,0,1
BRDA:83,12,1,0
BRDA:95,13,0,2
BRDA:95,13,1,1
BRDA:103,14,0,1
BRDA:118,15,0,2
BRDA:118,15,1,1
BRDA:129,16,0,0
BRDA:140,17,0,2
BRDA:150,18,0,0
BRDA:167,19,0,0
BRDA:169,20,0,0
BRDA:169,21,0,0
BRDA:169,21,1,0
BRDA:178,22,0,1
BRDA:196,23,0,0
BRDA:202,24,0,0
BRDA:204,25,0,0
BRDA:204,26,0,0
BRDA:204,26,1,0
BRDA:216,27,0,0
BRDA:226,28,0,0
BRDA:244,29,0,0
BRDA:246,30,0,0
BRDA:246,31,0,0
BRDA:246,31,1,0
BRDA:255,32,0,0
BRDA:262,33,0,0
BRDA:284,34,0,0
BRDA:284,35,0,0
BRDA:284,35,1,0
BRDA:289,36,0,0
BRDA:291,37,0,0
BRDA:293,38,0,0
BRDA:293,39,0,0
BRDA:293,39,1,0
BRDA:293,39,2,0
BRDA:293,39,3,0
BRDA:300,40,0,0
BRDA:305,41,0,0
BRDA:311,42,0,0
BRDA:311,43,0,0
BRDA:311,43,1,0
BRDA:329,44,0,0
BRDA:330,45,0,0
BRDA:337,46,0,0
BRDA:339,47,0,0
BRDA:339,48,0,0
BRDA:339,48,1,0
BRDA:339,48,2,0
BRDA:341,49,0,0
BRDA:356,50,0,1
BRDA:356,51,0,2
BRDA:356,51,1,1
BRDA:385,52,0,0
BRDA:395,53,0,2
BRDA:395,54,0,2
BRDA:395,54,1,0
BRDA:399,55,0,0
BRDA:412,56,0,0
BRDA:412,56,1,0
BRDA:415,57,0,0
BRDA:416,58,0,0
BRDA:416,59,0,0
BRDA:416,59,1,0
BRDA:421,60,0,0
BRDA:422,61,0,0
BRDA:425,62,0,0
BRDA:425,63,0,0
BRDA:425,63,1,0
BRDA:442,64,0,0
BRDA:443,65,0,0
BRDA:443,65,1,0
BRDA:452,66,0,0
BRDA:471,67,0,0
BRDA:473,68,0,0
BRDA:474,69,0,0
BRDA:474,69,1,0
BRDA:487,70,0,0
BRDA:501,71,0,0
BRDA:502,72,0,0
BRDA:502,72,1,0
BRDA:512,73,0,0
BRDA:527,74,0,0
BRDA:529,75,0,0
BRDA:530,76,0,0
BRDA:530,76,1,0
BRDA:538,77,0,0
BRDA:543,78,0,0
BRDA:548,79,0,0
BRDA:564,80,0,0
BRDA:575,81,0,0
BRDA:598,82,0,0
BRDA:600,83,0,0
BRDA:619,84,0,0
BRDA:620,85,0,0
BRDA:620,85,1,0
BRDA:630,86,0,0
BRDA:645,87,0,0
BRDA:647,88,0,0
BRDA:648,89,0,0
BRDA:648,89,1,0
BRDA:656,90,0,0
BRDA:661,91,0,0
BRDA:666,92,0,0
BRDA:684,93,0,0
BRDA:684,94,0,0
BRDA:684,94,1,0
BRDA:704,95,0,0
BRDA:716,96,0,3
BRDA:739,97,0,0
BRDA:744,98,0,0
BRDA:762,99,0,0
BRDA:792,100,0,0
BRDA:792,101,0,0
BRDA:792,101,1,0
BRDA:796,102,0,0
BRDA:809,103,0,0
BRDA:809,103,1,0
BRDA:812,104,0,0
BRDA:813,105,0,0
BRDA:813,106,0,0
BRDA:813,106,1,0
BRDA:818,107,0,0
BRDA:819,108,0,0
BRDA:822,109,0,0
BRDA:822,110,0,0
BRDA:822,110,1,0
BRDA:836,111,0,0
BRDA:836,111,1,0
BRDA:842,112,0,0
BRDA:842,113,0,0
BRDA:842,113,1,0
BRDA:858,114,0,0
BRDA:858,114,1,0
BRDA:868,115,0,0
BRDA:870,116,0,0
BRDA:870,117,0,0
BRDA:870,117,1,0
BRF:155
BRH:27
end_of_record
TN:
SF:src/lib/pubsub.ts
FN:7,(anonymous_0)
FN:11,(anonymous_1)
FN:18,(anonymous_2)
FN:27,(anonymous_3)
FN:28,(anonymous_4)
FN:34,(anonymous_5)
FN:34,(anonymous_6)
FN:37,(anonymous_7)
FN:39,(anonymous_8)
FN:46,(anonymous_9)
FN:48,(anonymous_10)
FN:52,(anonymous_11)
FN:54,(anonymous_12)
FNF:13
FNH:0
FNDA:0,(anonymous_0)
FNDA:0,(anonymous_1)
FNDA:0,(anonymous_2)
FNDA:0,(anonymous_3)
FNDA:0,(anonymous_4)
FNDA:0,(anonymous_5)
FNDA:0,(anonymous_6)
FNDA:0,(anonymous_7)
FNDA:0,(anonymous_8)
FNDA:0,(anonymous_9)
FNDA:0,(anonymous_10)
FNDA:0,(anonymous_11)
FNDA:0,(anonymous_12)
DA:1,5
DA:5,5
DA:8,0
DA:12,0
DA:13,0
DA:14,0
DA:15,0
DA:16,0
DA:18,0
DA:19,0
DA:20,0
DA:21,0
DA:23,0
DA:27,0
DA:28,0
DA:29,0
DA:30,0
DA:32,0
DA:34,0
DA:36,0
DA:38,0
DA:40,0
DA:41,0
DA:42,0
DA:44,0
DA:47,0
DA:48,0
DA:49,0
DA:50,0
DA:53,0
DA:54,0
DA:55,0
DA:63,5
DA:65,5
LF:34
LH:4
BRDA:19,0,0,0
BRDA:19,0,1,0
BRDA:40,1,0,0
BRDA:41,2,0,0
BRF:4
BRH:0
end_of_record
TN:
SF:src/lib/sentry.ts
FN:13,initSentry
FN:42,(anonymous_10)
FN:79,captureException
FN:90,captureMessage
FN:97,setUserContext
FN:108,addBreadcrumb
FN:120,clearUserContext
FNF:7
FNH:1
FNDA:4,initSentry
FNDA:0,(anonymous_10)
FNDA:0,captureException
FNDA:0,captureMessage
FNDA:0,setUserContext
FNDA:0,addBreadcrumb
FNDA:0,clearUserContext
DA:1,4
DA:2,4
DA:13,4
DA:14,4
DA:15,4
DA:16,4
DA:19,4
DA:20,4
DA:21,4
DA:22,4
DA:25,0
DA:27,0
DA:44,0
DA:46,0
DA:47,0
DA:50,0
DA:56,0
DA:60,0
DA:72,0
DA:73,0
DA:79,4
DA:80,0
DA:90,4
DA:91,0
DA:97,4
DA:98,0
DA:108,4
DA:109,0
DA:120,4
DA:121,0
DA:124,4
LF:31
LH:16
BRDA:15,0,0,4
BRDA:15,0,1,4
BRDA:15,0,2,0
BRDA:16,1,0,4
BRDA:16,1,1,4
BRDA:16,2,0,4
BRDA:16,2,1,0
BRDA:19,3,0,4
BRDA:33,4,0,0
BRDA:33,4,1,0
BRDA:34,5,0,0
BRDA:34,5,1,0
BRDA:46,6,0,0
BRDA:46,7,0,0
BRDA:46,7,1,0
BRDA:46,7,2,0
BRDA:50,8,0,0
BRDA:51,9,0,0
BRDA:51,9,1,0
BRDA:51,9,2,0
BRDA:51,9,3,0
BRDA:90,10,0,0
BRDA:111,11,0,0
BRDA:111,11,1,0
BRF:24
BRH:6
end_of_record
TN:
SF:src/middleware/authMiddleware.ts
FN:16,(anonymous_0)
FN:41,(anonymous_1)
FN:53,(anonymous_2)
FN:65,(anonymous_3)
FN:69,(anonymous_4)
FNF:5
FNH:0
FNDA:0,(anonymous_0)
FNDA:0,(anonymous_1)
FNDA:0,(anonymous_2)
FNDA:0,(anonymous_3)
FNDA:0,(anonymous_4)
DA:2,0
DA:3,0
DA:16,0
DA:21,0
DA:22,0
DA:24,0
DA:25,0
DA:28,0
DA:29,0
DA:30,0
DA:32,0
DA:33,0
DA:36,0
DA:41,0
DA:46,0
DA:47,0
DA:49,0
DA:53,0
DA:58,0
DA:59,0
DA:61,0
DA:65,0
DA:69,0
DA:70,0
DA:71,0
DA:74,0
DA:76,0
DA:77,0
DA:78,0
DA:85,0
DA:86,0
DA:89,0
DA:91,0
LF:33
LH:0
BRDA:24,0,0,0
BRDA:24,1,0,0
BRDA:24,1,1,0
BRDA:46,2,0,0
BRDA:58,3,0,0
BRDA:58,4,0,0
BRDA:58,4,1,0
BRDA:70,5,0,0
BRDA:74,6,0,0
BRDA:74,6,1,0
BRDA:85,7,0,0
BRF:11
BRH:0
end_of_record
TN:
SF:src/schema/typeDefs.ts
FNF:0
FNH:0
DA:1,5
DA:3,5
LF:2
LH:2
BRF:0
BRH:0
end_of_record
TN:
SF:src/schema/resolvers/auth.ts
FN:5,(anonymous_0)
FN:29,(anonymous_1)
FN:38,(anonymous_2)
FN:71,(anonymous_3)
FN:73,(anonymous_4)
FN:118,(anonymous_5)
FN:127,(anonymous_6)
FN:157,(anonymous_7)
FN:166,(anonymous_8)
FN:183,(anonymous_9)
FN:184,(anonymous_10)
FN:188,(anonymous_11)
FN:197,(anonymous_12)
FN:218,(anonymous_13)
FN:231,(anonymous_14)
FN:244,(anonymous_15)
FN:254,(anonymous_16)
FN:289,(anonymous_17)
FN:295,(anonymous_18)
FN:299,(anonymous_19)
FN:308,(anonymous_20)
FN:319,(anonymous_21)
FN:327,(anonymous_22)
FN:332,(anonymous_23)
FN:349,(anonymous_24)
FN:385,(anonymous_25)
FN:394,(anonymous_26)
FN:403,(anonymous_27)
FN:413,(anonymous_28)
FN:431,(anonymous_29)
FN:441,(anonymous_30)
FN:460,(anonymous_31)
FN:476,(anonymous_32)
FN:486,(anonymous_33)
FN:496,(anonymous_34)
FN:528,(anonymous_35)
FN:537,(anonymous_36)
FN:585,(anonymous_37)
FN:591,(anonymous_38)
FN:601,(anonymous_39)
FN:623,(anonymous_40)
FN:635,(anonymous_41)
FN:668,(anonymous_42)
FN:677,(anonymous_43)
FN:709,(anonymous_44)
FN:729,(anonymous_45)
FN:763,(anonymous_46)
FN:772,(anonymous_47)
FN:815,(anonymous_48)
FN:880,(anonymous_49)
FNF:50
FNH:0
FNDA:0,(anonymous_0)
FNDA:0,(anonymous_1)
FNDA:0,(anonymous_2)
FNDA:0,(anonymous_3)
FNDA:0,(anonymous_4)
FNDA:0,(anonymous_5)
FNDA:0,(anonymous_6)
FNDA:0,(anonymous_7)
FNDA:0,(anonymous_8)
FNDA:0,(anonymous_9)
FNDA:0,(anonymous_10)
FNDA:0,(anonymous_11)
FNDA:0,(anonymous_12)
FNDA:0,(anonymous_13)
FNDA:0,(anonymous_14)
FNDA:0,(anonymous_15)
FNDA:0,(anonymous_16)
FNDA:0,(anonymous_17)
FNDA:0,(anonymous_18)
FNDA:0,(anonymous_19)
FNDA:0,(anonymous_20)
FNDA:0,(anonymous_21)
FNDA:0,(anonymous_22)
FNDA:0,(anonymous_23)
FNDA:0,(anonymous_24)
FNDA:0,(anonymous_25)
FNDA:0,(anonymous_26)
FNDA:0,(anonymous_27)
FNDA:0,(anonymous_28)
FNDA:0,(anonymous_29)
FNDA:0,(anonymous_30)
FNDA:0,(anonymous_31)
FNDA:0,(anonymous_32)
FNDA:0,(anonymous_33)
FNDA:0,(anonymous_34)
FNDA:0,(anonymous_35)
FNDA:0,(anonymous_36)
FNDA:0,(anonymous_37)
FNDA:0,(anonymous_38)
FNDA:0,(anonymous_39)
FNDA:0,(anonymous_40)
FNDA:0,(anonymous_41)
FNDA:0,(anonymous_42)
FNDA:0,(anonymous_43)
FNDA:0,(anonymous_44)
FNDA:0,(anonymous_45)
FNDA:0,(anonymous_46)
FNDA:0,(anonymous_47)
FNDA:0,(anonymous_48)
FNDA:0,(anonymous_49)
DA:1,5
DA:4,5
DA:6,0
DA:7,0
DA:10,0
DA:14,0
DA:15,0
DA:18,0
DA:30,0
DA:31,0
DA:34,0
DA:35,0
DA:39,0
DA:40,0
DA:44,0
DA:47,0
DA:48,0
DA:51,0
DA:70,0
DA:72,0
DA:74,0
DA:77,0
DA:78,0
DA:79,0
DA:80,0
DA:84,0
DA:85,0
DA:86,0
DA:90,0
DA:91,0
DA:92,0
DA:96,0
DA:99,0
DA:103,0
DA:113,0
DA:118,0
DA:124,0
DA:128,0
DA:129,0
DA:133,0
DA:136,0
DA:137,0
DA:140,0
DA:148,0
DA:149,0
DA:152,0
DA:157,0
DA:167,0
DA:168,0
DA:171,0
DA:182,0
DA:183,0
DA:184,0
DA:188,0
DA:198,0
DA:199,0
DA:203,0
DA:206,0
DA:207,0
DA:210,0
DA:213,0
DA:214,0
DA:218,0
DA:226,0
DA:227,0
DA:231,0
DA:239,0
DA:240,0
DA:244,0
DA:251,0
DA:255,0
DA:256,0
DA:260,0
DA:261,0
DA:264,0
DA:268,0
DA:269,0
DA:272,0
DA:273,0
DA:275,0
DA:279,0
DA:289,0
DA:295,0
DA:300,0
DA:301,0
DA:304,0
DA:305,0
DA:309,0
DA:310,0
DA:313,0
DA:319,0
DA:326,5
DA:328,0
DA:329,0
DA:333,0
DA:334,0
DA:338,0
DA:346,0
DA:350,0
DA:351,0
DA:352,0
DA:354,0
DA:361,0
DA:362,0
DA:365,0
DA:366,0
DA:376,0
DA:381,0
DA:386,0
DA:387,0
DA:390,0
DA:391,0
DA:395,0
DA:396,0
DA:399,0
DA:400,0
DA:404,0
DA:405,0
DA:408,0
DA:409,0
DA:410,0
DA:414,0
DA:415,0
DA:418,0
DA:419,0
DA:421,0
DA:428,0
DA:432,0
DA:433,0
DA:436,0
DA:437,0
DA:438,0
DA:442,0
DA:443,0
DA:446,0
DA:447,0
DA:449,0
DA:457,0
DA:461,0
DA:462,0
DA:465,0
DA:466,0
DA:473,0
DA:477,0
DA:478,0
DA:481,0
DA:482,0
DA:483,0
DA:487,0
DA:488,0
DA:491,0
DA:492,0
DA:493,0
DA:497,0
DA:498,0
DA:502,0
DA:505,0
DA:506,0
DA:511,0
DA:512,0
DA:515,0
DA:516,0
DA:520,0
DA:523,0
DA:524,0
DA:528,0
DA:530,0
DA:535,0
DA:536,0
DA:537,0
DA:547,0
DA:568,0
DA:580,0
DA:585,0
DA:591,0
DA:602,0
DA:603,0
DA:607,0
DA:610,0
DA:611,0
DA:615,0
DA:618,0
DA:619,0
DA:623,0
DA:625,0
DA:633,0
DA:634,0
DA:635,0
DA:645,0
DA:655,0
DA:663,0
DA:668,0
DA:678,0
DA:679,0
DA:683,0
DA:686,0
DA:687,0
DA:691,0
DA:694,0
DA:695,0
DA:699,0
DA:700,0
DA:703,0
DA:704,0
DA:709,0
DA:711,0
DA:720,0
DA:722,0
DA:727,0
DA:728,0
DA:729,0
DA:740,0
DA:750,0
DA:758,0
DA:763,0
DA:773,0
DA:774,0
DA:778,0
DA:781,0
DA:782,0
DA:786,0
DA:790,0
DA:791,0
DA:795,0
DA:800,0
DA:812,0
DA:816,0
DA:817,0
DA:821,0
DA:824,0
DA:825,0
DA:829,0
DA:832,0
DA:833,0
DA:837,0
DA:840,0
DA:841,0
DA:845,0
DA:852,0
DA:853,0
DA:857,0
DA:865,0
DA:877,0
DA:881,0
DA:882,0
DA:886,0
DA:889,0
DA:890,0
DA:894,0
DA:897,0
DA:898,0
DA:902,0
DA:905,0
DA:906,0
DA:910,0
DA:918,0
DA:930,0
LF:257
LH:3
BRDA:6,0,0,0
BRDA:14,1,0,0
BRDA:30,2,0,0
BRDA:39,3,0,0
BRDA:47,4,0,0
BRDA:77,5,0,0
BRDA:79,6,0,0
BRDA:79,6,1,0
BRDA:84,7,0,0
BRDA:84,7,1,0
BRDA:85,8,0,0
BRDA:85,8,1,0
BRDA:90,9,0,0
BRDA:90,9,1,0
BRDA:91,10,0,0
BRDA:96,11,0,0
BRDA:96,11,1,0
BRDA:128,12,0,0
BRDA:136,13,0,0
BRDA:148,14,0,0
BRDA:167,15,0,0
BRDA:198,16,0,0
BRDA:206,17,0,0
BRDA:213,18,0,0
BRDA:213,19,0,0
BRDA:213,19,1,0
BRDA:226,20,0,0
BRDA:226,21,0,0
BRDA:226,21,1,0
BRDA:239,22,0,0
BRDA:239,23,0,0
BRDA:239,23,1,0
BRDA:255,24,0,0
BRDA:260,25,0,0
BRDA:260,26,0,0
BRDA:260,26,1,0
BRDA:268,27,0,0
BRDA:300,28,0,0
BRDA:308,29,0,0
BRDA:308,30,0,0
BRDA:309,31,0,0
BRDA:309,32,0,0
BRDA:309,32,1,0
BRDA:321,33,0,0
BRDA:321,33,1,0
BRDA:333,34,0,0
BRDA:361,35,0,0
BRDA:386,36,0,0
BRDA:395,37,0,0
BRDA:404,38,0,0
BRDA:414,39,0,0
BRDA:432,40,0,0
BRDA:442,41,0,0
BRDA:461,42,0,0
BRDA:477,43,0,0
BRDA:487,44,0,0
BRDA:497,45,0,0
BRDA:505,46,0,0
BRDA:511,47,0,0
BRDA:511,47,1,0
BRDA:515,48,0,0
BRDA:515,48,1,0
BRDA:523,49,0,0
BRDA:524,50,0,0
BRDA:524,50,1,0
BRDA:535,51,0,0
BRDA:535,52,0,0
BRDA:535,52,1,0
BRDA:540,53,0,0
BRDA:540,53,1,0
BRDA:595,54,0,0
BRDA:595,54,1,0
BRDA:602,55,0,0
BRDA:610,56,0,0
BRDA:618,57,0,0
BRDA:628,58,0,0
BRDA:628,58,1,0
BRDA:633,59,0,0
BRDA:633,60,0,0
BRDA:633,60,1,0
BRDA:638,61,0,0
BRDA:638,61,1,0
BRDA:678,62,0,0
BRDA:686,63,0,0
BRDA:694,64,0,0
BRDA:699,65,0,0
BRDA:699,66,0,0
BRDA:699,66,1,0
BRDA:703,67,0,0
BRDA:714,68,0,0
BRDA:714,68,1,0
BRDA:715,69,0,0
BRDA:715,69,1,0
BRDA:720,70,0,0
BRDA:727,71,0,0
BRDA:732,72,0,0
BRDA:732,72,1,0
BRDA:773,73,0,0
BRDA:781,74,0,0
BRDA:790,75,0,0
BRDA:816,76,0,0
BRDA:824,77,0,0
BRDA:832,78,0,0
BRDA:840,79,0,0
BRDA:852,80,0,0
BRDA:881,81,0,0
BRDA:889,82,0,0
BRDA:897,83,0,0
BRDA:905,84,0,0
BRF:109
BRH:0
end_of_record
TN:
SF:src/schema/resolvers/backup.ts
FN:9,(anonymous_0)
FN:17,(anonymous_1)
FN:28,(anonymous_2)
FN:39,(anonymous_3)
FN:50,(anonymous_4)
FN:61,(anonymous_5)
FN:81,(anonymous_6)
FNF:7
FNH:0
FNDA:0,(anonymous_0)
FNDA:0,(anonymous_1)
FNDA:0,(anonymous_2)
FNDA:0,(anonymous_3)
FNDA:0,(anonymous_4)
FNDA:0,(anonymous_5)
FNDA:0,(anonymous_6)
DA:1,5
DA:2,5
DA:3,5
DA:5,5
DA:10,0
DA:11,0
DA:18,0
DA:19,0
DA:20,0
DA:24,5
DA:29,0
DA:31,0
DA:33,0
DA:40,0
DA:42,0
DA:44,0
DA:51,0
DA:53,0
DA:55,0
DA:62,0
DA:64,0
DA:65,0
DA:66,0
DA:67,0
DA:69,0
DA:70,0
DA:71,0
DA:73,0
DA:74,0
DA:82,0
DA:84,0
DA:86,0
DA:88,0
DA:90,0
DA:92,0
DA:93,0
DA:99,0
DA:101,0
DA:102,0
LF:39
LH:5
BRDA:90,0,0,0
BRDA:95,1,0,0
BRDA:95,1,1,0
BRDA:128,2,0,0
BRDA:128,2,1,0
BRF:5
BRH:0
end_of_record
TN:
SF:src/schema/resolvers/customerAdoption.ts
FN:15,calculateProgress
FN:23,(anonymous_10)
FN:26,(anonymous_11)
FN:28,(anonymous_12)
FN:36,(anonymous_13)
FN:37,(anonymous_14)
FN:56,evaluateCriteria
FN:65,(anonymous_16)
FN:67,(anonymous_17)
FN:115,shouldIncludeTask
FN:146,(anonymous_19)
FN:148,(anonymous_20)
FN:157,(anonymous_21)
FN:159,(anonymous_22)
FN:169,(anonymous_23)
FN:193,(anonymous_24)
FN:215,(anonymous_25)
FN:253,(anonymous_26)
FN:266,(anonymous_27)
FN:267,(anonymous_28)
FN:270,(anonymous_29)
FN:307,(anonymous_30)
FN:340,(anonymous_31)
FN:417,(anonymous_32)
FN:481,(anonymous_33)
FN:578,(anonymous_34)
FN:582,(anonymous_35)
FN:583,(anonymous_36)
FN:587,(anonymous_37)
FN:592,(anonymous_38)
FN:708,(anonymous_39)
FN:741,(anonymous_40)
FN:776,(anonymous_41)
FN:781,(anonymous_42)
FN:887,(anonymous_43)
FN:933,(anonymous_44)
FN:934,(anonymous_45)
FN:954,(anonymous_46)
FN:961,(anonymous_47)
FN:963,(anonymous_48)
FN:1003,(anonymous_49)
FN:1133,(anonymous_50)
FN:1242,(anonymous_51)
FN:1260,(anonymous_52)
FN:1357,(anonymous_53)
FN:1387,(anonymous_54)
FN:1414,(anonymous_55)
FN:1519,(anonymous_56)
FN:1522,(anonymous_57)
FN:1654,(anonymous_58)
FN:1659,(anonymous_59)
FN:1662,(anonymous_60)
FN:1684,(anonymous_61)
FN:1749,(anonymous_62)
FN:1777,(anonymous_63)
FN:1850,(anonymous_64)
FN:1891,(anonymous_65)
FN:1918,(anonymous_66)
FN:1924,(anonymous_67)
FN:1946,(anonymous_68)
FN:1954,(anonymous_69)
FN:1962,(anonymous_70)
FN:1971,(anonymous_71)
FN:1977,(anonymous_72)
FN:1985,(anonymous_73)
FN:1994,(anonymous_74)
FN:2002,(anonymous_75)
FN:2024,(anonymous_76)
FN:2039,(anonymous_77)
FN:2045,(anonymous_78)
FN:2052,(anonymous_79)
FN:2058,(anonymous_80)
FN:2061,(anonymous_81)
FN:2067,(anonymous_82)
FN:2070,(anonymous_83)
FN:2075,(anonymous_84)
FN:2076,(anonymous_85)
FN:2077,(anonymous_86)
FN:2078,(anonymous_87)
FN:2095,(anonymous_88)
FN:2108,(anonymous_89)
FN:2119,(anonymous_90)
FNF:82
FNH:0
FNDA:0,calculateProgress
FNDA:0,(anonymous_10)
FNDA:0,(anonymous_11)
FNDA:0,(anonymous_12)
FNDA:0,(anonymous_13)
FNDA:0,(anonymous_14)
FNDA:0,evaluateCriteria
FNDA:0,(anonymous_16)
FNDA:0,(anonymous_17)
FNDA:0,shouldIncludeTask
FNDA:0,(anonymous_19)
FNDA:0,(anonymous_20)
FNDA:0,(anonymous_21)
FNDA:0,(anonymous_22)
FNDA:0,(anonymous_23)
FNDA:0,(anonymous_24)
FNDA:0,(anonymous_25)
FNDA:0,(anonymous_26)
FNDA:0,(anonymous_27)
FNDA:0,(anonymous_28)
FNDA:0,(anonymous_29)
FNDA:0,(anonymous_30)
FNDA:0,(anonymous_31)
FNDA:0,(anonymous_32)
FNDA:0,(anonymous_33)
FNDA:0,(anonymous_34)
FNDA:0,(anonymous_35)
FNDA:0,(anonymous_36)
FNDA:0,(anonymous_37)
FNDA:0,(anonymous_38)
FNDA:0,(anonymous_39)
FNDA:0,(anonymous_40)
FNDA:0,(anonymous_41)
FNDA:0,(anonymous_42)
FNDA:0,(anonymous_43)
FNDA:0,(anonymous_44)
FNDA:0,(anonymous_45)
FNDA:0,(anonymous_46)
FNDA:0,(anonymous_47)
FNDA:0,(anonymous_48)
FNDA:0,(anonymous_49)
FNDA:0,(anonymous_50)
FNDA:0,(anonymous_51)
FNDA:0,(anonymous_52)
FNDA:0,(anonymous_53)
FNDA:0,(anonymous_54)
FNDA:0,(anonymous_55)
FNDA:0,(anonymous_56)
FNDA:0,(anonymous_57)
FNDA:0,(anonymous_58)
FNDA:0,(anonymous_59)
FNDA:0,(anonymous_60)
FNDA:0,(anonymous_61)
FNDA:0,(anonymous_62)
FNDA:0,(anonymous_63)
FNDA:0,(anonymous_64)
FNDA:0,(anonymous_65)
FNDA:0,(anonymous_66)
FNDA:0,(anonymous_67)
FNDA:0,(anonymous_68)
FNDA:0,(anonymous_69)
FNDA:0,(anonymous_70)
FNDA:0,(anonymous_71)
FNDA:0,(anonymous_72)
FNDA:0,(anonymous_73)
FNDA:0,(anonymous_74)
FNDA:0,(anonymous_75)
FNDA:0,(anonymous_76)
FNDA:0,(anonymous_77)
FNDA:0,(anonymous_78)
FNDA:0,(anonymous_79)
FNDA:0,(anonymous_80)
FNDA:0,(anonymous_81)
FNDA:0,(anonymous_82)
FNDA:0,(anonymous_83)
FNDA:0,(anonymous_84)
FNDA:0,(anonymous_85)
FNDA:0,(anonymous_86)
FNDA:0,(anonymous_87)
FNDA:0,(anonymous_88)
FNDA:0,(anonymous_89)
FNDA:0,(anonymous_90)
DA:1,5
DA:2,5
DA:3,5
DA:5,5
DA:6,5
DA:7,5
DA:8,5
DA:9,5
DA:23,0
DA:25,0
DA:26,0
DA:28,0
DA:29,0
DA:32,0
DA:35,0
DA:36,0
DA:38,0
DA:41,0
DA:44,0
DA:46,0
DA:57,0
DA:58,0
DA:60,0
DA:63,0
DA:64,0
DA:65,0
DA:66,0
DA:67,0
DA:72,0
DA:74,0
DA:77,0
DA:80,0
DA:83,0
DA:86,0
DA:89,0
DA:92,0
DA:94,0
DA:96,0
DA:98,0
DA:100,0
DA:102,0
DA:104,0
DA:106,0
DA:109,0
DA:110,0
DA:123,0
DA:125,0
DA:126,0
DA:129,0
DA:130,0
DA:131,0
DA:134,0
DA:135,0
DA:136,0
DA:139,0
DA:140,0
DA:144,0
DA:146,0
DA:148,0
DA:149,0
DA:150,0
DA:155,0
DA:157,0
DA:159,0
DA:160,0
DA:161,0
DA:165,0
DA:168,5
DA:170,0
DA:190,0
DA:194,0
DA:212,0
DA:216,0
DA:250,0
DA:254,0
DA:265,0
DA:266,0
DA:267,0
DA:271,0
DA:304,0
DA:308,0
DA:309,0
DA:310,0
DA:313,0
DA:337,0
DA:341,0
DA:343,0
DA:344,0
DA:345,0
DA:346,0
DA:349,0
DA:375,0
DA:377,0
DA:378,0
DA:379,0
DA:380,0
DA:381,0
DA:382,0
DA:386,0
DA:412,0
DA:416,5
DA:418,0
DA:420,0
DA:426,0
DA:430,0
DA:431,0
DA:435,0
DA:436,0
DA:440,0
DA:441,0
DA:446,0
DA:447,0
DA:451,0
DA:452,0
DA:457,0
DA:460,0
DA:476,0
DA:478,0
DA:482,0
DA:484,0
DA:486,0
DA:510,0
DA:511,0
DA:515,0
DA:516,0
DA:520,0
DA:521,0
DA:526,0
DA:527,0
DA:531,0
DA:532,0
DA:536,0
DA:537,0
DA:538,0
DA:539,0
DA:540,0
DA:543,0
DA:567,0
DA:568,0
DA:570,0
DA:573,0
DA:574,0
DA:575,0
DA:578,0
DA:579,0
DA:582,0
DA:583,0
DA:586,0
DA:587,0
DA:591,0
DA:592,0
DA:596,0
DA:597,0
DA:601,0
DA:602,0
DA:621,0
DA:622,0
DA:638,0
DA:639,0
DA:648,0
DA:649,0
DA:659,0
DA:663,0
DA:666,0
DA:677,0
DA:680,0
DA:683,0
DA:709,0
DA:711,0
DA:719,0
DA:720,0
DA:724,0
DA:725,0
DA:732,0
DA:736,0
DA:738,0
DA:742,0
DA:744,0
DA:764,0
DA:765,0
DA:768,0
DA:769,0
DA:772,0
DA:773,0
DA:776,0
DA:777,0
DA:781,0
DA:784,0
DA:802,0
DA:803,0
DA:822,0
DA:823,0
DA:839,0
DA:840,0
DA:849,0
DA:850,0
DA:859,0
DA:862,0
DA:888,0
DA:890,0
DA:892,0
DA:923,0
DA:924,0
DA:927,0
DA:928,0
DA:933,0
DA:934,0
DA:936,0
DA:939,0
DA:951,0
DA:952,0
DA:954,0
DA:955,0
DA:956,0
DA:959,0
DA:961,0
DA:962,0
DA:963,0
DA:966,0
DA:967,0
DA:968,0
DA:971,0
DA:972,0
DA:973,0
DA:974,0
DA:975,0
DA:980,0
DA:981,0
DA:983,0
DA:985,0
DA:986,0
DA:1003,0
DA:1004,0
DA:1008,0
DA:1009,0
DA:1012,0
DA:1013,0
DA:1022,0
DA:1034,0
DA:1035,0
DA:1036,0
DA:1040,0
DA:1041,0
DA:1042,0
DA:1045,0
DA:1048,0
DA:1049,0
DA:1068,0
DA:1069,0
DA:1080,0
DA:1081,0
DA:1085,0
DA:1086,0
DA:1089,0
DA:1096,0
DA:1097,0
DA:1099,0
DA:1122,0
DA:1124,0
DA:1130,0
DA:1134,0
DA:1136,0
DA:1138,0
DA:1143,0
DA:1144,0
DA:1148,0
DA:1149,0
DA:1150,0
DA:1151,0
DA:1152,0
DA:1153,0
DA:1154,0
DA:1157,0
DA:1168,0
DA:1187,0
DA:1191,0
DA:1193,0
DA:1199,0
DA:1206,0
DA:1208,0
DA:1209,0
DA:1211,0
DA:1214,0
DA:1225,0
DA:1227,0
DA:1228,0
DA:1237,0
DA:1239,0
DA:1243,0
DA:1246,0
DA:1254,0
DA:1255,0
DA:1256,0
DA:1260,0
DA:1261,0
DA:1265,0
DA:1280,0
DA:1283,0
DA:1302,0
DA:1306,0
DA:1308,0
DA:1314,0
DA:1321,0
DA:1323,0
DA:1324,0
DA:1326,0
DA:1329,0
DA:1340,0
DA:1342,0
DA:1343,0
DA:1352,0
DA:1354,0
DA:1358,0
DA:1360,0
DA:1365,0
DA:1366,0
DA:1369,0
DA:1382,0
DA:1384,0
DA:1388,0
DA:1390,0
DA:1391,0
DA:1393,0
DA:1406,0
DA:1409,0
DA:1411,0
DA:1415,0
DA:1430,0
DA:1431,0
DA:1435,0
DA:1436,0
DA:1437,0
DA:1438,0
DA:1440,0
DA:1441,0
DA:1442,0
DA:1443,0
DA:1444,0
DA:1446,0
DA:1450,0
DA:1457,0
DA:1463,0
DA:1466,0
DA:1471,0
DA:1472,0
DA:1500,0
DA:1504,0
DA:1506,0
DA:1511,0
DA:1513,0
DA:1516,0
DA:1520,0
DA:1522,0
DA:1524,0
DA:1532,0
DA:1533,0
DA:1536,0
DA:1556,0
DA:1557,0
DA:1560,0
DA:1561,0
DA:1564,0
DA:1582,0
DA:1583,0
DA:1589,0
DA:1590,0
DA:1591,0
DA:1593,0
DA:1610,0
DA:1611,0
DA:1612,0
DA:1616,0
DA:1637,0
DA:1638,0
DA:1639,0
DA:1641,0
DA:1643,0
DA:1654,0
DA:1660,0
DA:1662,0
DA:1663,0
DA:1664,0
DA:1665,0
DA:1667,0
DA:1668,0
DA:1669,0
DA:1672,0
DA:1673,0
DA:1674,0
DA:1675,0
DA:1676,0
DA:1678,0
DA:1679,0
DA:1680,0
DA:1681,0
DA:1683,0
DA:1684,0
DA:1685,0
DA:1686,0
DA:1705,0
DA:1706,0
DA:1710,0
DA:1711,0
DA:1712,0
DA:1713,0
DA:1716,0
DA:1734,0
DA:1735,0
DA:1738,0
DA:1739,0
DA:1741,0
DA:1742,0
DA:1746,0
DA:1747,0
DA:1749,0
DA:1751,0
DA:1752,0
DA:1757,0
DA:1761,0
DA:1762,0
DA:1771,0
DA:1775,0
DA:1777,0
DA:1779,0
DA:1780,0
DA:1789,0
DA:1794,0
DA:1795,0
DA:1797,0
DA:1801,0
DA:1808,0
DA:1811,0
DA:1820,0
DA:1824,0
DA:1826,0
DA:1831,0
DA:1833,0
DA:1851,0
DA:1854,0
DA:1857,0
DA:1860,0
DA:1861,0
DA:1862,0
DA:1866,0
DA:1867,0
DA:1868,0
DA:1869,0
DA:1872,0
DA:1875,0
DA:1877,0
DA:1879,0
DA:1892,0
DA:1895,0
DA:1896,0
DA:1899,0
DA:1900,0
DA:1901,0
DA:1903,0
DA:1906,0
DA:1910,0
DA:1912,0
DA:1917,5
DA:1920,0
DA:1921,0
DA:1922,0
DA:1925,0
DA:1927,0
DA:1947,0
DA:1948,0
DA:1950,0
DA:1955,0
DA:1956,0
DA:1958,0
DA:1964,0
DA:1970,5
DA:1973,0
DA:1974,0
DA:1975,0
DA:1978,0
DA:1979,0
DA:1981,0
DA:1986,0
DA:1987,0
DA:1989,0
DA:1996,0
DA:2003,0
DA:2004,0
DA:2006,0
DA:2025,0
DA:2028,0
DA:2032,0
DA:2034,0
DA:2038,5
DA:2041,0
DA:2042,0
DA:2043,0
DA:2047,0
DA:2053,0
DA:2058,0
DA:2062,0
DA:2067,0
DA:2071,0
DA:2075,0
DA:2076,0
DA:2077,0
DA:2078,0
DA:2080,0
DA:2081,0
DA:2083,0
DA:2094,5
DA:2096,0
DA:2097,0
DA:2106,0
DA:2109,0
DA:2114,0
DA:2118,5
DA:2121,0
DA:2122,0
DA:2126,0
DA:2127,0
DA:2128,0
DA:2133,0
DA:2134,0
DA:2137,0
DA:2143,0
DA:2144,0
DA:2145,0
DA:2146,0
DA:2149,0
DA:2153,0
DA:2154,0
DA:2155,0
DA:2156,0
DA:2157,0
DA:2159,0
DA:2160,0
DA:2161,0
DA:2162,0
DA:2163,0
DA:2164,0
DA:2165,0
DA:2167,0
DA:2168,0
DA:2169,0
DA:2170,0
DA:2173,0
LF:546
LH:15
BRDA:26,0,0,0
BRDA:26,0,1,0
BRDA:29,1,0,0
BRDA:29,1,1,0
BRDA:29,2,0,0
BRDA:29,2,1,0
BRDA:31,3,0,0
BRDA:31,3,1,0
BRDA:36,4,0,0
BRDA:36,4,1,0
BRDA:38,5,0,0
BRDA:38,5,1,0
BRDA:38,6,0,0
BRDA:38,6,1,0
BRDA:40,7,0,0
BRDA:40,7,1,0
BRDA:44,8,0,0
BRDA:44,8,1,0
BRDA:58,9,0,0
BRDA:58,10,0,0
BRDA:58,10,1,0
BRDA:63,11,0,0
BRDA:63,12,0,0
BRDA:63,12,1,0
BRDA:64,13,0,0
BRDA:64,13,1,0
BRDA:66,14,0,0
BRDA:72,15,0,0
BRDA:72,16,0,0
BRDA:72,16,1,0
BRDA:74,17,0,0
BRDA:74,17,1,0
BRDA:74,17,2,0
BRDA:74,17,3,0
BRDA:74,17,4,0
BRDA:74,17,5,0
BRDA:74,17,6,0
BRDA:74,17,7,0
BRDA:74,17,8,0
BRDA:74,17,9,0
BRDA:74,17,10,0
BRDA:74,17,11,0
BRDA:74,17,12,0
BRDA:74,17,13,0
BRDA:74,17,14,0
BRDA:74,17,15,0
BRDA:74,17,16,0
BRDA:74,17,17,0
BRDA:74,17,18,0
BRDA:104,18,0,0
BRDA:104,18,1,0
BRDA:129,19,0,0
BRDA:134,20,0,0
BRDA:139,21,0,0
BRDA:144,22,0,0
BRDA:144,23,0,0
BRDA:144,23,1,0
BRDA:146,24,0,0
BRDA:146,24,1,0
BRDA:149,25,0,0
BRDA:155,26,0,0
BRDA:155,27,0,0
BRDA:155,27,1,0
BRDA:157,28,0,0
BRDA:157,28,1,0
BRDA:160,29,0,0
BRDA:309,30,0,0
BRDA:343,31,0,0
BRDA:343,31,1,0
BRDA:345,32,0,0
BRDA:382,33,0,0
BRDA:382,33,1,0
BRDA:382,34,0,0
BRDA:382,34,1,0
BRDA:402,35,0,0
BRDA:402,35,1,0
BRDA:403,36,0,0
BRDA:403,36,1,0
BRDA:430,37,0,0
BRDA:435,38,0,0
BRDA:435,39,0,0
BRDA:435,39,1,0
BRDA:440,40,0,0
BRDA:446,41,0,0
BRDA:446,42,0,0
BRDA:446,42,1,0
BRDA:451,43,0,0
BRDA:466,44,0,0
BRDA:466,44,1,0
BRDA:467,45,0,0
BRDA:467,45,1,0
BRDA:510,46,0,0
BRDA:515,47,0,0
BRDA:520,48,0,0
BRDA:526,49,0,0
BRDA:531,50,0,0
BRDA:537,51,0,0
BRDA:537,52,0,0
BRDA:537,52,1,0
BRDA:538,53,0,0
BRDA:539,54,0,0
BRDA:540,55,0,0
BRDA:567,56,0,0
BRDA:574,57,0,0
BRDA:574,57,1,0
BRDA:575,58,0,0
BRDA:575,58,1,0
BRDA:719,59,0,0
BRDA:724,60,0,0
BRDA:724,61,0,0
BRDA:724,61,1,0
BRDA:764,62,0,0
BRDA:768,63,0,0
BRDA:772,64,0,0
BRDA:772,64,1,0
BRDA:773,65,0,0
BRDA:773,65,1,0
BRDA:923,66,0,0
BRDA:972,67,0,0
BRDA:983,68,0,0
BRDA:983,68,1,0
BRDA:1012,69,0,0
BRDA:1012,69,1,0
BRDA:1143,70,0,0
BRDA:1148,71,0,0
BRDA:1148,71,1,0
BRDA:1149,72,0,0
BRDA:1149,73,0,0
BRDA:1149,73,1,0
BRDA:1151,74,0,0
BRDA:1151,74,1,0
BRDA:1152,75,0,0
BRDA:1152,75,1,0
BRDA:1154,76,0,0
BRDA:1154,76,1,0
BRDA:1160,77,0,0
BRDA:1160,77,1,0
BRDA:1161,78,0,0
BRDA:1161,78,1,0
BRDA:1164,79,0,0
BRDA:1164,79,1,0
BRDA:1165,80,0,0
BRDA:1165,80,1,0
BRDA:1165,81,0,0
BRDA:1165,81,1,0
BRDA:1206,82,0,0
BRDA:1209,83,0,0
BRDA:1225,84,0,0
BRDA:1255,85,0,0
BRDA:1255,85,1,0
BRDA:1256,86,0,0
BRDA:1256,86,1,0
BRDA:1256,87,0,0
BRDA:1256,87,1,0
BRDA:1261,88,0,0
BRDA:1261,88,1,0
BRDA:1262,89,0,0
BRDA:1262,89,1,0
BRDA:1274,90,0,0
BRDA:1274,90,1,0
BRDA:1275,91,0,0
BRDA:1275,91,1,0
BRDA:1321,92,0,0
BRDA:1324,93,0,0
BRDA:1340,94,0,0
BRDA:1365,95,0,0
BRDA:1373,96,0,0
BRDA:1373,96,1,0
BRDA:1397,97,0,0
BRDA:1397,97,1,0
BRDA:1430,98,0,0
BRDA:1436,99,0,0
BRDA:1438,100,0,0
BRDA:1441,101,0,0
BRDA:1463,102,0,0
BRDA:1463,102,1,0
BRDA:1463,102,2,0
BRDA:1466,103,0,0
BRDA:1466,103,1,0
BRDA:1471,104,0,0
BRDA:1471,105,0,0
BRDA:1471,105,1,0
BRDA:1471,105,2,0
BRDA:1481,106,0,0
BRDA:1481,106,1,0
BRDA:1482,107,0,0
BRDA:1482,107,1,0
BRDA:1532,108,0,0
BRDA:1556,109,0,0
BRDA:1589,110,0,0
BRDA:1589,111,0,0
BRDA:1589,111,1,0
BRDA:1591,112,0,0
BRDA:1591,112,1,0
BRDA:1612,113,0,0
BRDA:1612,113,1,0
BRDA:1612,114,0,0
BRDA:1612,114,1,0
BRDA:1627,115,0,0
BRDA:1627,115,1,0
BRDA:1628,116,0,0
BRDA:1628,116,1,0
BRDA:1629,117,0,0
BRDA:1629,117,1,0
BRDA:1630,118,0,0
BRDA:1630,118,1,0
BRDA:1630,119,0,0
BRDA:1630,119,1,0
BRDA:1649,120,0,0
BRDA:1649,120,1,0
BRDA:1654,121,0,0
BRDA:1654,121,1,0
BRDA:1668,122,0,0
BRDA:1685,123,0,0
BRDA:1705,124,0,0
BRDA:1734,125,0,0
BRDA:1741,126,0,0
BRDA:1751,127,0,0
BRDA:1761,128,0,0
BRDA:1761,129,0,0
BRDA:1761,129,1,0
BRDA:1775,130,0,0
BRDA:1775,131,0,0
BRDA:1775,131,1,0
BRDA:1779,132,0,0
BRDA:1784,133,0,0
BRDA:1784,133,1,0
BRDA:1861,134,0,0
BRDA:1921,135,0,0
BRDA:1925,136,0,0
BRDA:1947,137,0,0
BRDA:1947,137,1,0
BRDA:1948,138,0,0
BRDA:1955,139,0,0
BRDA:1955,139,1,0
BRDA:1956,140,0,0
BRDA:1974,141,0,0
BRDA:1978,142,0,0
BRDA:1978,142,1,0
BRDA:1979,143,0,0
BRDA:1986,144,0,0
BRDA:1986,144,1,0
BRDA:1987,145,0,0
BRDA:2004,146,0,0
BRDA:2025,147,0,0
BRDA:2032,148,0,0
BRDA:2042,149,0,0
BRDA:2076,150,0,0
BRDA:2076,150,1,0
BRDA:2077,151,0,0
BRDA:2077,151,1,0
BRDA:2078,152,0,0
BRDA:2078,152,1,0
BRDA:2078,152,2,0
BRDA:2080,153,0,0
BRDA:2080,153,1,0
BRDA:2081,154,0,0
BRDA:2081,154,1,0
BRDA:2100,155,0,0
BRDA:2100,155,1,0
BRDA:2106,156,0,0
BRDA:2106,156,1,0
BRDA:2121,157,0,0
BRDA:2127,158,0,0
BRDA:2127,159,0,0
BRDA:2127,159,1,0
BRDA:2133,160,0,0
BRDA:2137,161,0,0
BRDA:2137,161,1,0
BRDA:2144,162,0,0
BRDA:2144,163,0,0
BRDA:2144,163,1,0
BRDA:2153,164,0,0
BRDA:2153,164,1,0
BRDA:2155,165,0,0
BRDA:2155,165,1,0
BRDA:2159,166,0,0
BRDA:2159,166,1,0
BRDA:2159,166,2,0
BRDA:2159,166,3,0
BRDA:2159,166,4,0
BRDA:2159,166,5,0
BRDA:2167,167,0,0
BRF:283
BRH:0
end_of_record
TN:
SF:src/schema/resolvers/solutionAdoption.ts
FN:8,calculateSolutionProgress
FN:16,(anonymous_1)
FN:19,(anonymous_2)
FN:21,(anonymous_3)
FN:29,(anonymous_4)
FN:30,(anonymous_5)
FN:49,evaluateCriteria
FN:58,(anonymous_7)
FN:60,(anonymous_8)
FN:101,(anonymous_9)
FN:133,(anonymous_10)
FN:158,(anonymous_11)
FN:159,(anonymous_12)
FN:162,(anonymous_13)
FN:189,(anonymous_14)
FN:222,(anonymous_15)
FN:297,(anonymous_16)
FN:298,(anonymous_17)
FN:311,(anonymous_18)
FN:318,(anonymous_19)
FN:350,(anonymous_20)
FN:433,(anonymous_21)
FN:434,(anonymous_22)
FN:442,(anonymous_23)
FN:443,(anonymous_24)
FN:481,(anonymous_25)
FN:517,(anonymous_26)
FN:586,(anonymous_27)
FN:587,(anonymous_28)
FN:600,(anonymous_29)
FN:601,(anonymous_30)
FN:607,(anonymous_31)
FN:608,(anonymous_32)
FN:691,(anonymous_33)
FN:702,(anonymous_34)
FN:713,(anonymous_35)
FN:786,(anonymous_36)
FN:787,(anonymous_37)
FN:790,(anonymous_38)
FN:794,(anonymous_39)
FN:819,(anonymous_40)
FN:828,(anonymous_41)
FN:829,(anonymous_42)
FN:835,(anonymous_43)
FN:836,(anonymous_44)
FN:843,(anonymous_45)
FN:886,(anonymous_46)
FN:897,(anonymous_47)
FN:908,(anonymous_48)
FN:1013,(anonymous_49)
FN:1090,(anonymous_50)
FN:1093,(anonymous_51)
FN:1159,(anonymous_52)
FN:1174,(anonymous_53)
FN:1223,(anonymous_54)
FN:1224,(anonymous_55)
FN:1237,(anonymous_56)
FN:1238,(anonymous_57)
FN:1244,(anonymous_58)
FN:1245,(anonymous_59)
FN:1254,(anonymous_60)
FN:1257,(anonymous_61)
FN:1258,(anonymous_62)
FN:1260,(anonymous_63)
FN:1277,(anonymous_64)
FN:1303,(anonymous_65)
FN:1314,(anonymous_66)
FN:1325,(anonymous_67)
FN:1353,(anonymous_68)
FN:1356,(anonymous_69)
FN:1425,(anonymous_70)
FN:1539,(anonymous_71)
FN:1540,(anonymous_72)
FN:1546,(anonymous_73)
FN:1547,(anonymous_74)
FN:1563,(anonymous_75)
FN:1564,(anonymous_76)
FN:1577,(anonymous_77)
FN:1578,(anonymous_78)
FN:1584,(anonymous_79)
FN:1585,(anonymous_80)
FN:1594,(anonymous_81)
FN:1597,(anonymous_82)
FN:1598,(anonymous_83)
FN:1600,(anonymous_84)
FN:1640,(anonymous_85)
FN:1701,(anonymous_86)
FN:1728,(anonymous_87)
FN:1739,(anonymous_88)
FN:1750,(anonymous_89)
FN:1776,(anonymous_90)
FN:1779,(anonymous_91)
FN:1834,(anonymous_92)
FN:1842,(anonymous_93)
FN:1885,(anonymous_94)
FN:1909,(anonymous_95)
FN:1960,(anonymous_96)
FN:1964,(anonymous_97)
FN:1997,(anonymous_98)
FN:2094,(anonymous_99)
FN:2128,(anonymous_100)
FN:2160,(anonymous_101)
FN:2186,(anonymous_102)
FN:2211,(anonymous_103)
FN:2222,(anonymous_104)
FN:2239,(anonymous_105)
FN:2318,(anonymous_106)
FN:2321,(anonymous_107)
FN:2324,(anonymous_108)
FN:2332,(anonymous_109)
FN:2339,(anonymous_110)
FN:2346,(anonymous_111)
FN:2352,(anonymous_112)
FN:2360,(anonymous_113)
FN:2365,(anonymous_114)
FN:2373,(anonymous_115)
FN:2380,(anonymous_116)
FN:2387,(anonymous_117)
FN:2390,(anonymous_118)
FN:2395,(anonymous_119)
FN:2400,(anonymous_120)
FN:2405,(anonymous_121)
FN:2411,(anonymous_122)
FN:2417,(anonymous_123)
FN:2426,(anonymous_124)
FN:2470,(anonymous_125)
FN:2475,(anonymous_126)
FN:2480,(anonymous_127)
FN:2485,(anonymous_128)
FN:2542,(anonymous_129)
FN:2547,(anonymous_130)
FN:2548,(anonymous_131)
FN:2549,(anonymous_132)
FN:2557,(anonymous_133)
FN:2558,(anonymous_134)
FN:2564,(anonymous_135)
FN:2569,(anonymous_136)
FN:2571,(anonymous_137)
FN:2576,(anonymous_138)
FN:2578,(anonymous_139)
FN:2584,(anonymous_140)
FN:2585,(anonymous_141)
FN:2586,(anonymous_142)
FNF:143
FNH:0
FNDA:0,calculateSolutionProgress
FNDA:0,(anonymous_1)
FNDA:0,(anonymous_2)
FNDA:0,(anonymous_3)
FNDA:0,(anonymous_4)
FNDA:0,(anonymous_5)
FNDA:0,evaluateCriteria
FNDA:0,(anonymous_7)
FNDA:0,(anonymous_8)
FNDA:0,(anonymous_9)
FNDA:0,(anonymous_10)
FNDA:0,(anonymous_11)
FNDA:0,(anonymous_12)
FNDA:0,(anonymous_13)
FNDA:0,(anonymous_14)
FNDA:0,(anonymous_15)
FNDA:0,(anonymous_16)
FNDA:0,(anonymous_17)
FNDA:0,(anonymous_18)
FNDA:0,(anonymous_19)
FNDA:0,(anonymous_20)
FNDA:0,(anonymous_21)
FNDA:0,(anonymous_22)
FNDA:0,(anonymous_23)
FNDA:0,(anonymous_24)
FNDA:0,(anonymous_25)
FNDA:0,(anonymous_26)
FNDA:0,(anonymous_27)
FNDA:0,(anonymous_28)
FNDA:0,(anonymous_29)
FNDA:0,(anonymous_30)
FNDA:0,(anonymous_31)
FNDA:0,(anonymous_32)
FNDA:0,(anonymous_33)
FNDA:0,(anonymous_34)
FNDA:0,(anonymous_35)
FNDA:0,(anonymous_36)
FNDA:0,(anonymous_37)
FNDA:0,(anonymous_38)
FNDA:0,(anonymous_39)
FNDA:0,(anonymous_40)
FNDA:0,(anonymous_41)
FNDA:0,(anonymous_42)
FNDA:0,(anonymous_43)
FNDA:0,(anonymous_44)
FNDA:0,(anonymous_45)
FNDA:0,(anonymous_46)
FNDA:0,(anonymous_47)
FNDA:0,(anonymous_48)
FNDA:0,(anonymous_49)
FNDA:0,(anonymous_50)
FNDA:0,(anonymous_51)
FNDA:0,(anonymous_52)
FNDA:0,(anonymous_53)
FNDA:0,(anonymous_54)
FNDA:0,(anonymous_55)
FNDA:0,(anonymous_56)
FNDA:0,(anonymous_57)
FNDA:0,(anonymous_58)
FNDA:0,(anonymous_59)
FNDA:0,(anonymous_60)
FNDA:0,(anonymous_61)
FNDA:0,(anonymous_62)
FNDA:0,(anonymous_63)
FNDA:0,(anonymous_64)
FNDA:0,(anonymous_65)
FNDA:0,(anonymous_66)
FNDA:0,(anonymous_67)
FNDA:0,(anonymous_68)
FNDA:0,(anonymous_69)
FNDA:0,(anonymous_70)
FNDA:0,(anonymous_71)
FNDA:0,(anonymous_72)
FNDA:0,(anonymous_73)
FNDA:0,(anonymous_74)
FNDA:0,(anonymous_75)
FNDA:0,(anonymous_76)
FNDA:0,(anonymous_77)
FNDA:0,(anonymous_78)
FNDA:0,(anonymous_79)
FNDA:0,(anonymous_80)
FNDA:0,(anonymous_81)
FNDA:0,(anonymous_82)
FNDA:0,(anonymous_83)
FNDA:0,(anonymous_84)
FNDA:0,(anonymous_85)
FNDA:0,(anonymous_86)
FNDA:0,(anonymous_87)
FNDA:0,(anonymous_88)
FNDA:0,(anonymous_89)
FNDA:0,(anonymous_90)
FNDA:0,(anonymous_91)
FNDA:0,(anonymous_92)
FNDA:0,(anonymous_93)
FNDA:0,(anonymous_94)
FNDA:0,(anonymous_95)
FNDA:0,(anonymous_96)
FNDA:0,(anonymous_97)
FNDA:0,(anonymous_98)
FNDA:0,(anonymous_99)
FNDA:0,(anonymous_100)
FNDA:0,(anonymous_101)
FNDA:0,(anonymous_102)
FNDA:0,(anonymous_103)
FNDA:0,(anonymous_104)
FNDA:0,(anonymous_105)
FNDA:0,(anonymous_106)
FNDA:0,(anonymous_107)
FNDA:0,(anonymous_108)
FNDA:0,(anonymous_109)
FNDA:0,(anonymous_110)
FNDA:0,(anonymous_111)
FNDA:0,(anonymous_112)
FNDA:0,(anonymous_113)
FNDA:0,(anonymous_114)
FNDA:0,(anonymous_115)
FNDA:0,(anonymous_116)
FNDA:0,(anonymous_117)
FNDA:0,(anonymous_118)
FNDA:0,(anonymous_119)
FNDA:0,(anonymous_120)
FNDA:0,(anonymous_121)
FNDA:0,(anonymous_122)
FNDA:0,(anonymous_123)
FNDA:0,(anonymous_124)
FNDA:0,(anonymous_125)
FNDA:0,(anonymous_126)
FNDA:0,(anonymous_127)
FNDA:0,(anonymous_128)
FNDA:0,(anonymous_129)
FNDA:0,(anonymous_130)
FNDA:0,(anonymous_131)
FNDA:0,(anonymous_132)
FNDA:0,(anonymous_133)
FNDA:0,(anonymous_134)
FNDA:0,(anonymous_135)
FNDA:0,(anonymous_136)
FNDA:0,(anonymous_137)
FNDA:0,(anonymous_138)
FNDA:0,(anonymous_139)
FNDA:0,(anonymous_140)
FNDA:0,(anonymous_141)
FNDA:0,(anonymous_142)
DA:1,5
DA:2,5
DA:3,5
DA:5,5
DA:16,0
DA:18,0
DA:19,0
DA:21,0
DA:22,0
DA:25,0
DA:28,0
DA:29,0
DA:31,0
DA:34,0
DA:37,0
DA:39,0
DA:50,0
DA:51,0
DA:53,0
DA:56,0
DA:57,0
DA:58,0
DA:59,0
DA:60,0
DA:64,0
DA:66,0
DA:69,0
DA:72,0
DA:75,0
DA:78,0
DA:81,0
DA:84,0
DA:86,0
DA:88,0
DA:90,0
DA:92,0
DA:95,0
DA:100,5
DA:102,0
DA:103,0
DA:134,0
DA:135,0
DA:157,0
DA:158,0
DA:159,0
DA:163,0
DA:164,0
DA:190,0
DA:191,0
DA:192,0
DA:194,0
DA:221,5
DA:223,0
DA:225,0
DA:228,0
DA:231,0
DA:237,0
DA:238,0
DA:242,0
DA:259,0
DA:260,0
DA:264,0
DA:279,0
DA:282,0
DA:283,0
DA:284,0
DA:287,0
DA:295,0
DA:297,0
DA:298,0
DA:306,0
DA:307,0
DA:309,0
DA:311,0
DA:312,0
DA:316,0
DA:318,0
DA:319,0
DA:323,0
DA:335,0
DA:337,0
DA:345,0
DA:347,0
DA:351,0
DA:353,0
DA:354,0
DA:356,0
DA:357,0
DA:358,0
DA:359,0
DA:361,0
DA:383,0
DA:386,0
DA:398,0
DA:399,0
DA:402,0
DA:403,0
DA:408,0
DA:410,0
DA:412,0
DA:414,0
DA:415,0
DA:417,0
DA:419,0
DA:422,0
DA:423,0
DA:424,0
DA:430,0
DA:433,0
DA:434,0
DA:435,0
DA:439,0
DA:442,0
DA:443,0
DA:444,0
DA:448,0
DA:449,0
DA:454,0
DA:464,0
DA:465,0
DA:469,0
DA:470,0
DA:478,0
DA:482,0
DA:484,0
DA:486,0
DA:493,0
DA:494,0
DA:497,0
DA:501,0
DA:503,0
DA:507,0
DA:512,0
DA:513,0
DA:518,0
DA:521,0
DA:569,0
DA:570,0
DA:574,0
DA:578,0
DA:579,0
DA:582,0
DA:583,0
DA:586,0
DA:587,0
DA:589,0
DA:594,0
DA:595,0
DA:596,0
DA:599,0
DA:600,0
DA:601,0
DA:602,0
DA:606,0
DA:607,0
DA:608,0
DA:609,0
DA:612,0
DA:617,0
DA:618,0
DA:621,0
DA:625,0
DA:626,0
DA:630,0
DA:631,0
DA:632,0
DA:653,0
DA:654,0
DA:657,0
DA:678,0
DA:679,0
DA:681,0
DA:689,0
DA:690,0
DA:691,0
DA:700,0
DA:701,0
DA:702,0
DA:711,0
DA:712,0
DA:713,0
DA:730,0
DA:731,0
DA:747,0
DA:754,0
DA:755,0
DA:758,0
DA:767,0
DA:768,0
DA:776,0
DA:778,0
DA:786,0
DA:787,0
DA:789,0
DA:790,0
DA:793,0
DA:794,0
DA:797,0
DA:813,0
DA:815,0
DA:816,0
DA:819,0
DA:821,0
DA:822,0
DA:823,0
DA:824,0
DA:827,0
DA:828,0
DA:829,0
DA:830,0
DA:834,0
DA:835,0
DA:836,0
DA:837,0
DA:840,0
DA:843,0
DA:846,0
DA:864,0
DA:865,0
DA:884,0
DA:885,0
DA:886,0
DA:895,0
DA:896,0
DA:897,0
DA:906,0
DA:907,0
DA:908,0
DA:923,0
DA:928,0
DA:934,0
DA:949,0
DA:950,0
DA:952,0
DA:953,0
DA:954,0
DA:955,0
DA:960,0
DA:969,0
DA:970,0
DA:971,0
DA:978,0
DA:979,0
DA:991,0
DA:993,0
DA:1014,0
DA:1016,0
DA:1017,0
DA:1019,0
DA:1028,0
DA:1029,0
DA:1032,0
DA:1035,0
DA:1049,0
DA:1051,0
DA:1052,0
DA:1054,0
DA:1055,0
DA:1056,0
DA:1057,0
DA:1062,0
DA:1068,0
DA:1069,0
DA:1081,0
DA:1089,0
DA:1090,0
DA:1091,0
DA:1092,0
DA:1093,0
DA:1097,0
DA:1098,0
DA:1099,0
DA:1100,0
DA:1103,0
DA:1115,0
DA:1116,0
DA:1117,0
DA:1118,0
DA:1119,0
DA:1120,0
DA:1124,0
DA:1129,0
DA:1145,0
DA:1159,0
DA:1161,0
DA:1162,0
DA:1165,0
DA:1167,0
DA:1168,0
DA:1169,0
DA:1175,0
DA:1177,0
DA:1186,0
DA:1187,0
DA:1191,0
DA:1218,0
DA:1219,0
DA:1220,0
DA:1223,0
DA:1224,0
DA:1226,0
DA:1231,0
DA:1232,0
DA:1233,0
DA:1236,0
DA:1237,0
DA:1238,0
DA:1239,0
DA:1243,0
DA:1244,0
DA:1245,0
DA:1246,0
DA:1249,0
DA:1253,0
DA:1254,0
DA:1257,0
DA:1258,0
DA:1259,0
DA:1260,0
DA:1261,0
DA:1262,0
DA:1266,0
DA:1268,0
DA:1277,0
DA:1278,0
DA:1279,0
DA:1280,0
DA:1281,0
DA:1301,0
DA:1302,0
DA:1303,0
DA:1312,0
DA:1313,0
DA:1314,0
DA:1323,0
DA:1324,0
DA:1325,0
DA:1344,0
DA:1352,0
DA:1353,0
DA:1354,0
DA:1355,0
DA:1356,0
DA:1360,0
DA:1361,0
DA:1362,0
DA:1363,0
DA:1366,0
DA:1378,0
DA:1379,0
DA:1380,0
DA:1381,0
DA:1382,0
DA:1383,0
DA:1387,0
DA:1392,0
DA:1408,0
DA:1422,0
DA:1426,0
DA:1429,0
DA:1438,0
DA:1439,0
DA:1444,0
DA:1458,0
DA:1461,0
DA:1462,0
DA:1464,0
DA:1465,0
DA:1466,0
DA:1467,0
DA:1472,0
DA:1478,0
DA:1479,0
DA:1490,0
DA:1504,0
DA:1508,0
DA:1537,0
DA:1539,0
DA:1540,0
DA:1543,0
DA:1544,0
DA:1546,0
DA:1547,0
DA:1550,0
DA:1552,0
DA:1559,0
DA:1563,0
DA:1564,0
DA:1566,0
DA:1571,0
DA:1572,0
DA:1573,0
DA:1576,0
DA:1577,0
DA:1578,0
DA:1579,0
DA:1583,0
DA:1584,0
DA:1585,0
DA:1586,0
DA:1589,0
DA:1593,0
DA:1594,0
DA:1597,0
DA:1598,0
DA:1599,0
DA:1600,0
DA:1602,0
DA:1604,0
DA:1608,0
DA:1611,0
DA:1620,0
DA:1621,0
DA:1640,0
DA:1643,0
DA:1651,0
DA:1652,0
DA:1653,0
DA:1660,0
DA:1661,0
DA:1674,0
DA:1693,0
DA:1700,0
DA:1701,0
DA:1703,0
DA:1704,0
DA:1705,0
DA:1706,0
DA:1726,0
DA:1727,0
DA:1728,0
DA:1737,0
DA:1738,0
DA:1739,0
DA:1748,0
DA:1749,0
DA:1750,0
DA:1769,0
DA:1776,0
DA:1777,0
DA:1778,0
DA:1779,0
DA:1783,0
DA:1784,0
DA:1785,0
DA:1786,0
DA:1789,0
DA:1790,0
DA:1791,0
DA:1792,0
DA:1793,0
DA:1794,0
DA:1799,0
DA:1804,0
DA:1822,0
DA:1832,0
DA:1833,0
DA:1834,0
DA:1835,0
DA:1840,0
DA:1842,0
DA:1844,0
DA:1845,0
DA:1846,0
DA:1847,0
DA:1850,0
DA:1851,0
DA:1852,0
DA:1853,0
DA:1854,0
DA:1857,0
DA:1861,0
DA:1868,0
DA:1870,0
DA:1884,0
DA:1885,0
DA:1890,0
DA:1910,0
DA:1912,0
DA:1914,0
DA:1932,0
DA:1938,0
DA:1940,0
DA:1961,0
DA:1963,0
DA:1965,0
DA:1982,0
DA:1988,0
DA:1994,0
DA:1998,0
DA:2000,0
DA:2015,0
DA:2016,0
DA:2021,0
DA:2022,0
DA:2023,0
DA:2024,0
DA:2026,0
DA:2027,0
DA:2028,0
DA:2029,0
DA:2030,0
DA:2032,0
DA:2036,0
DA:2043,0
DA:2049,0
DA:2052,0
DA:2057,0
DA:2058,0
DA:2070,0
DA:2077,0
DA:2095,0
DA:2098,0
DA:2101,0
DA:2119,0
DA:2120,0
DA:2123,0
DA:2128,0
DA:2132,0
DA:2135,0
DA:2136,0
DA:2137,0
DA:2138,0
DA:2139,0
DA:2143,0
DA:2144,0
DA:2145,0
DA:2146,0
DA:2147,0
DA:2149,0
DA:2151,0
DA:2161,0
DA:2164,0
DA:2165,0
DA:2168,0
DA:2169,0
DA:2170,0
DA:2172,0
DA:2175,0
DA:2176,0
DA:2180,0
DA:2182,0
DA:2187,0
DA:2190,0
DA:2191,0
DA:2192,0
DA:2196,0
DA:2199,0
DA:2207,0
DA:2208,0
DA:2212,0
DA:2214,0
DA:2218,0
DA:2219,0
DA:2223,0
DA:2226,0
DA:2227,0
DA:2235,0
DA:2236,0
DA:2240,0
DA:2243,0
DA:2257,0
DA:2258,0
DA:2260,0
DA:2261,0
DA:2263,0
DA:2264,0
DA:2265,0
DA:2268,0
DA:2271,0
DA:2272,0
DA:2273,0
DA:2277,0
DA:2279,0
DA:2282,0
DA:2287,0
DA:2288,0
DA:2289,0
DA:2292,0
DA:2297,0
DA:2298,0
DA:2302,0
DA:2309,0
DA:2310,0
DA:2312,0
DA:2317,5
DA:2319,0
DA:2322,0
DA:2325,0
DA:2330,0
DA:2333,0
DA:2334,0
DA:2335,0
DA:2340,0
DA:2341,0
DA:2342,0
DA:2348,0
DA:2353,0
DA:2359,5
DA:2361,0
DA:2366,0
DA:2371,0
DA:2374,0
DA:2375,0
DA:2376,0
DA:2381,0
DA:2382,0
DA:2383,0
DA:2388,0
DA:2391,0
DA:2396,0
DA:2401,0
DA:2406,0
DA:2412,0
DA:2418,0
DA:2427,0
DA:2430,0
DA:2433,0
DA:2434,0
DA:2438,0
DA:2449,0
DA:2450,0
DA:2451,0
DA:2452,0
DA:2458,0
DA:2465,0
DA:2469,5
DA:2471,0
DA:2476,0
DA:2481,0
DA:2488,0
DA:2499,0
DA:2502,0
DA:2505,0
DA:2537,0
DA:2541,5
DA:2543,0
DA:2547,0
DA:2548,0
DA:2550,0
DA:2555,0
DA:2557,0
DA:2559,0
DA:2565,0
DA:2569,0
DA:2572,0
DA:2576,0
DA:2579,0
DA:2583,0
DA:2584,0
DA:2585,0
DA:2586,0
DA:2588,0
DA:2592,0
LF:654
LH:10
BRDA:19,0,0,0
BRDA:19,0,1,0
BRDA:22,1,0,0
BRDA:22,1,1,0
BRDA:22,2,0,0
BRDA:22,2,1,0
BRDA:24,3,0,0
BRDA:24,3,1,0
BRDA:29,4,0,0
BRDA:29,4,1,0
BRDA:31,5,0,0
BRDA:31,5,1,0
BRDA:31,6,0,0
BRDA:31,6,1,0
BRDA:33,7,0,0
BRDA:33,7,1,0
BRDA:37,8,0,0
BRDA:37,8,1,0
BRDA:51,9,0,0
BRDA:51,10,0,0
BRDA:51,10,1,0
BRDA:56,11,0,0
BRDA:56,12,0,0
BRDA:56,12,1,0
BRDA:57,13,0,0
BRDA:57,13,1,0
BRDA:59,14,0,0
BRDA:64,15,0,0
BRDA:64,16,0,0
BRDA:64,16,1,0
BRDA:66,17,0,0
BRDA:66,17,1,0
BRDA:66,17,2,0
BRDA:66,17,3,0
BRDA:66,17,4,0
BRDA:66,17,5,0
BRDA:66,17,6,0
BRDA:66,17,7,0
BRDA:66,17,8,0
BRDA:66,17,9,0
BRDA:66,17,10,0
BRDA:66,17,11,0
BRDA:66,17,12,0
BRDA:66,17,13,0
BRDA:66,17,14,0
BRDA:66,17,15,0
BRDA:192,18,0,0
BRDA:237,19,0,0
BRDA:259,20,0,0
BRDA:270,21,0,0
BRDA:270,21,1,0
BRDA:271,22,0,0
BRDA:271,22,1,0
BRDA:295,23,0,0
BRDA:309,24,0,0
BRDA:316,25,0,0
BRDA:354,26,0,0
BRDA:354,26,1,0
BRDA:356,27,0,0
BRDA:357,28,0,0
BRDA:358,29,0,0
BRDA:359,30,0,0
BRDA:402,31,0,0
BRDA:408,32,0,0
BRDA:408,33,0,0
BRDA:408,33,1,0
BRDA:412,34,0,0
BRDA:412,34,1,0
BRDA:415,35,0,0
BRDA:419,36,0,0
BRDA:423,37,0,0
BRDA:430,38,0,0
BRDA:439,39,0,0
BRDA:448,40,0,0
BRDA:464,41,0,0
BRDA:464,42,0,0
BRDA:464,42,1,0
BRDA:464,42,2,0
BRDA:469,43,0,0
BRDA:493,44,0,0
BRDA:569,45,0,0
BRDA:578,46,0,0
BRDA:582,47,0,0
BRDA:582,47,1,0
BRDA:583,48,0,0
BRDA:583,48,1,0
BRDA:596,49,0,0
BRDA:599,50,0,0
BRDA:602,51,0,0
BRDA:606,52,0,0
BRDA:609,53,0,0
BRDA:641,54,0,0
BRDA:641,54,1,0
BRDA:642,55,0,0
BRDA:642,55,1,0
BRDA:689,56,0,0
BRDA:689,57,0,0
BRDA:689,57,1,0
BRDA:700,58,0,0
BRDA:700,59,0,0
BRDA:700,59,1,0
BRDA:711,60,0,0
BRDA:711,61,0,0
BRDA:711,61,1,0
BRDA:735,62,0,0
BRDA:735,62,1,0
BRDA:767,63,0,0
BRDA:776,64,0,0
BRDA:776,64,1,0
BRDA:786,65,0,0
BRDA:786,65,1,0
BRDA:787,66,0,0
BRDA:787,66,1,0
BRDA:789,67,0,0
BRDA:789,67,1,0
BRDA:793,68,0,0
BRDA:793,68,1,0
BRDA:813,69,0,0
BRDA:815,70,0,0
BRDA:815,70,1,0
BRDA:816,71,0,0
BRDA:816,71,1,0
BRDA:824,72,0,0
BRDA:827,73,0,0
BRDA:830,74,0,0
BRDA:834,75,0,0
BRDA:837,76,0,0
BRDA:874,77,0,0
BRDA:874,77,1,0
BRDA:875,78,0,0
BRDA:875,78,1,0
BRDA:884,79,0,0
BRDA:884,80,0,0
BRDA:884,80,1,0
BRDA:895,81,0,0
BRDA:895,82,0,0
BRDA:895,82,1,0
BRDA:906,83,0,0
BRDA:906,84,0,0
BRDA:906,84,1,0
BRDA:953,85,0,0
BRDA:970,86,0,0
BRDA:978,87,0,0
BRDA:984,88,0,0
BRDA:984,88,1,0
BRDA:1028,89,0,0
BRDA:1055,90,0,0
BRDA:1089,91,0,0
BRDA:1093,92,0,0
BRDA:1093,92,1,0
BRDA:1116,93,0,0
BRDA:1124,94,0,0
BRDA:1124,94,1,0
BRDA:1161,95,0,0
BRDA:1186,96,0,0
BRDA:1218,97,0,0
BRDA:1218,98,0,0
BRDA:1218,98,1,0
BRDA:1219,99,0,0
BRDA:1219,99,1,0
BRDA:1220,100,0,0
BRDA:1220,100,1,0
BRDA:1233,101,0,0
BRDA:1236,102,0,0
BRDA:1239,103,0,0
BRDA:1243,104,0,0
BRDA:1246,105,0,0
BRDA:1259,106,0,0
BRDA:1261,107,0,0
BRDA:1261,107,1,0
BRDA:1261,108,0,0
BRDA:1261,108,1,0
BRDA:1266,109,0,0
BRDA:1266,110,0,0
BRDA:1266,110,1,0
BRDA:1279,111,0,0
BRDA:1291,112,0,0
BRDA:1291,112,1,0
BRDA:1295,113,0,0
BRDA:1295,113,1,0
BRDA:1296,114,0,0
BRDA:1296,114,1,0
BRDA:1301,115,0,0
BRDA:1301,116,0,0
BRDA:1301,116,1,0
BRDA:1312,117,0,0
BRDA:1312,118,0,0
BRDA:1312,118,1,0
BRDA:1323,119,0,0
BRDA:1323,120,0,0
BRDA:1323,120,1,0
BRDA:1352,121,0,0
BRDA:1356,122,0,0
BRDA:1356,122,1,0
BRDA:1379,123,0,0
BRDA:1387,124,0,0
BRDA:1387,124,1,0
BRDA:1438,125,0,0
BRDA:1465,126,0,0
BRDA:1537,127,0,0
BRDA:1539,128,0,0
BRDA:1539,128,1,0
BRDA:1540,129,0,0
BRDA:1540,129,1,0
BRDA:1543,130,0,0
BRDA:1543,130,1,0
BRDA:1544,131,0,0
BRDA:1544,131,1,0
BRDA:1550,132,0,0
BRDA:1550,133,0,0
BRDA:1550,133,1,0
BRDA:1573,134,0,0
BRDA:1576,135,0,0
BRDA:1579,136,0,0
BRDA:1583,137,0,0
BRDA:1586,138,0,0
BRDA:1599,139,0,0
BRDA:1599,139,1,0
BRDA:1602,140,0,0
BRDA:1602,140,1,0
BRDA:1602,141,0,0
BRDA:1602,141,1,0
BRDA:1608,142,0,0
BRDA:1611,143,0,0
BRDA:1611,143,1,0
BRDA:1611,143,2,0
BRDA:1611,143,3,0
BRDA:1611,143,4,0
BRDA:1611,143,5,0
BRDA:1611,143,6,0
BRDA:1611,143,7,0
BRDA:1613,144,0,0
BRDA:1613,144,1,0
BRDA:1616,145,0,0
BRDA:1616,145,1,0
BRDA:1617,146,0,0
BRDA:1617,146,1,0
BRDA:1620,147,0,0
BRDA:1620,148,0,0
BRDA:1620,148,1,0
BRDA:1626,149,0,0
BRDA:1626,149,1,0
BRDA:1629,150,0,0
BRDA:1629,150,1,0
BRDA:1630,151,0,0
BRDA:1630,151,1,0
BRDA:1633,152,0,0
BRDA:1633,152,1,0
BRDA:1640,153,0,0
BRDA:1640,153,1,0
BRDA:1651,154,0,0
BRDA:1660,155,0,0
BRDA:1660,155,1,0
BRDA:1700,156,0,0
BRDA:1700,156,1,0
BRDA:1704,157,0,0
BRDA:1716,158,0,0
BRDA:1716,158,1,0
BRDA:1720,159,0,0
BRDA:1720,159,1,0
BRDA:1721,160,0,0
BRDA:1721,160,1,0
BRDA:1726,161,0,0
BRDA:1726,162,0,0
BRDA:1726,162,1,0
BRDA:1737,163,0,0
BRDA:1737,164,0,0
BRDA:1737,164,1,0
BRDA:1748,165,0,0
BRDA:1748,166,0,0
BRDA:1748,166,1,0
BRDA:1779,167,0,0
BRDA:1779,167,1,0
BRDA:1790,168,0,0
BRDA:1799,169,0,0
BRDA:1799,169,1,0
BRDA:1833,170,0,0
BRDA:1850,171,0,0
BRDA:1857,172,0,0
BRDA:1857,172,1,0
BRDA:1861,173,0,0
BRDA:1861,173,1,0
BRDA:1863,174,0,0
BRDA:1863,174,1,0
BRDA:1868,175,0,0
BRDA:1868,175,1,0
BRDA:1921,176,0,0
BRDA:1921,176,1,0
BRDA:1922,177,0,0
BRDA:1922,177,1,0
BRDA:1923,178,0,0
BRDA:1923,178,1,0
BRDA:1923,179,0,0
BRDA:1923,179,1,0
BRDA:1924,180,0,0
BRDA:1924,180,1,0
BRDA:1924,181,0,0
BRDA:1924,181,1,0
BRDA:1973,182,0,0
BRDA:1973,182,1,0
BRDA:1974,183,0,0
BRDA:1974,183,1,0
BRDA:1974,184,0,0
BRDA:1974,184,1,0
BRDA:1975,185,0,0
BRDA:1975,185,1,0
BRDA:1975,186,0,0
BRDA:1975,186,1,0
BRDA:2015,187,0,0
BRDA:2022,188,0,0
BRDA:2024,189,0,0
BRDA:2027,190,0,0
BRDA:2049,191,0,0
BRDA:2049,191,1,0
BRDA:2049,191,2,0
BRDA:2052,192,0,0
BRDA:2052,192,1,0
BRDA:2057,193,0,0
BRDA:2057,194,0,0
BRDA:2057,194,1,0
BRDA:2057,194,2,0
BRDA:2063,195,0,0
BRDA:2063,195,1,0
BRDA:2119,196,0,0
BRDA:2138,197,0,0
BRDA:2191,198,0,0
BRDA:2196,199,0,0
BRDA:2196,199,1,0
BRDA:2261,200,0,0
BRDA:2271,201,0,0
BRDA:2279,202,0,0
BRDA:2279,202,1,0
BRDA:2289,203,0,0
BRDA:2319,204,0,0
BRDA:2319,204,1,0
BRDA:2322,205,0,0
BRDA:2322,205,1,0
BRDA:2330,206,0,0
BRDA:2330,206,1,0
BRDA:2333,207,0,0
BRDA:2333,207,1,0
BRDA:2334,208,0,0
BRDA:2340,209,0,0
BRDA:2340,209,1,0
BRDA:2341,210,0,0
BRDA:2348,211,0,0
BRDA:2348,211,1,0
BRDA:2353,212,0,0
BRDA:2353,212,1,0
BRDA:2361,213,0,0
BRDA:2361,213,1,0
BRDA:2371,214,0,0
BRDA:2371,214,1,0
BRDA:2374,215,0,0
BRDA:2374,215,1,0
BRDA:2375,216,0,0
BRDA:2381,217,0,0
BRDA:2381,217,1,0
BRDA:2382,218,0,0
BRDA:2388,219,0,0
BRDA:2388,219,1,0
BRDA:2391,220,0,0
BRDA:2391,220,1,0
BRDA:2391,221,0,0
BRDA:2391,221,1,0
BRDA:2396,222,0,0
BRDA:2396,222,1,0
BRDA:2396,223,0,0
BRDA:2396,223,1,0
BRDA:2401,224,0,0
BRDA:2401,224,1,0
BRDA:2401,225,0,0
BRDA:2401,225,1,0
BRDA:2406,226,0,0
BRDA:2406,226,1,0
BRDA:2412,227,0,0
BRDA:2412,227,1,0
BRDA:2427,228,0,0
BRDA:2433,229,0,0
BRDA:2433,230,0,0
BRDA:2433,230,1,0
BRDA:2449,231,0,0
BRDA:2451,232,0,0
BRDA:2471,233,0,0
BRDA:2471,233,1,0
BRDA:2471,234,0,0
BRDA:2471,234,1,0
BRDA:2476,235,0,0
BRDA:2476,235,1,0
BRDA:2476,236,0,0
BRDA:2476,236,1,0
BRDA:2481,237,0,0
BRDA:2481,237,1,0
BRDA:2481,238,0,0
BRDA:2481,238,1,0
BRDA:2499,239,0,0
BRDA:2537,240,0,0
BRDA:2537,240,1,0
BRDA:2543,241,0,0
BRDA:2543,241,1,0
BRDA:2543,242,0,0
BRDA:2543,242,1,0
BRDA:2547,243,0,0
BRDA:2547,243,1,0
BRDA:2548,244,0,0
BRDA:2548,244,1,0
BRDA:2555,245,0,0
BRDA:2555,245,1,0
BRDA:2559,246,0,0
BRDA:2559,246,1,0
BRDA:2586,247,0,0
BRDA:2586,247,1,0
BRDA:2588,248,0,0
BRDA:2588,248,1,0
BRDA:2598,249,0,0
BRDA:2598,249,1,0
BRF:416
BRH:0
end_of_record
TN:
SF:src/schema/resolvers/telemetry/resolvers.ts
FN:25,(anonymous_9)
FN:30,(anonymous_10)
FN:38,(anonymous_11)
FN:50,(anonymous_12)
FN:63,(anonymous_13)
FN:68,(anonymous_14)
FN:82,(anonymous_15)
FN:99,(anonymous_16)
FN:111,(anonymous_17)
FN:123,(anonymous_18)
FN:128,(anonymous_19)
FN:139,(anonymous_20)
FN:151,(anonymous_21)
FN:156,(anonymous_22)
FN:173,(anonymous_23)
FN:209,(anonymous_24)
FN:245,(anonymous_25)
FN:256,(anonymous_26)
FN:274,(anonymous_27)
FN:284,(anonymous_28)
FN:298,(anonymous_29)
FN:314,(anonymous_30)
[...]
BRDA:594,68,0,0
BRDA:607,69,0,0
BRDA:612,70,0,0
BRDA:612,70,1,0
BRDA:613,71,0,0
BRDA:616,72,0,0
BRDA:636,73,0,0
BRDA:649,74,0,0
BRDA:649,74,1,0
BRDA:652,75,0,0
BRDA:652,75,1,0
BRDA:660,76,0,0
BRDA:660,76,1,0
BRDA:661,77,0,0
BRDA:661,77,1,0
BRDA:662,78,0,0
BRDA:662,78,1,0
BRDA:663,79,0,0
BRDA:663,79,1,0
BRDA:664,80,0,0
BRDA:664,80,1,0
BRDA:664,81,0,0
BRDA:664,81,1,0
BRDA:665,82,0,0
BRDA:665,82,1,0
BRDA:665,83,0,0
BRDA:665,83,1,0
BRDA:666,84,0,0
BRDA:666,84,1,0
BRDA:666,85,0,0
BRDA:666,85,1,0
BRDA:667,86,0,0
BRDA:667,86,1,0
BRDA:668,87,0,0
BRDA:668,87,1,0
BRDA:669,88,0,0
BRDA:669,88,1,0
BRDA:670,89,0,0
BRDA:670,89,1,0
BRDA:670,90,0,0
BRDA:670,90,1,0
BRDA:671,91,0,0
BRDA:671,92,0,0
BRDA:671,92,1,0
BRDA:674,93,0,0
BRDA:675,94,0,0
BRDA:694,95,0,0
BRDA:707,96,0,0
BRDA:707,96,1,0
BRDA:709,97,0,0
BRDA:709,97,1,0
BRDA:717,98,0,0
BRDA:717,98,1,0
BRDA:718,99,0,0
BRDA:718,99,1,0
BRDA:719,100,0,0
BRDA:719,100,1,0
BRDA:723,101,0,0
BRDA:728,102,0,0
BRDA:728,102,1,0
BRDA:733,103,0,0
BRDA:733,104,0,0
BRDA:733,104,1,0
BRDA:736,105,0,0
BRDA:753,106,0,0
BRDA:766,107,0,0
BRDA:766,107,1,0
BRDA:768,108,0,0
BRDA:768,108,1,0
BRDA:776,109,0,0
BRDA:776,109,1,0
BRDA:777,110,0,0
BRDA:780,111,0,0
BRDA:797,112,0,0
BRDA:810,113,0,0
BRDA:810,113,1,0
BRDA:812,114,0,0
BRDA:812,114,1,0
BRDA:820,115,0,0
BRDA:820,115,1,0
BRDA:821,116,0,0
BRDA:821,116,1,0
BRDA:822,117,0,0
BRDA:822,117,1,0
BRDA:822,118,0,0
BRDA:822,118,1,0
BRDA:823,119,0,0
BRDA:823,120,0,0
BRDA:823,120,1,0
BRDA:826,121,0,0
BRDA:843,122,0,0
BRDA:851,123,0,0
BRDA:851,123,1,0
BRDA:853,124,0,0
BRDA:853,124,1,0
BRDA:861,125,0,0
BRDA:861,125,1,0
BRDA:862,126,0,0
BRDA:862,126,1,0
BRDA:863,127,0,0
BRDA:863,127,1,0
BRDA:864,128,0,0
BRDA:864,128,1,0
BRDA:865,129,0,0
BRDA:865,129,1,0
BRDA:865,130,0,0
BRDA:865,130,1,0
BRDA:866,131,0,0
BRDA:866,132,0,0
BRDA:866,132,1,0
BRDA:869,133,0,0
BRDA:886,134,0,0
BRDA:894,135,0,0
BRDA:894,135,1,0
BRDA:896,136,0,0
BRDA:896,136,1,0
BRDA:904,137,0,0
BRDA:904,137,1,0
BRDA:905,138,0,0
BRDA:905,138,1,0
BRDA:906,139,0,0
BRDA:906,139,1,0
BRDA:907,140,0,0
BRDA:907,140,1,0
BRDA:908,141,0,0
BRDA:911,142,0,0
BRDA:911,143,0,0
BRDA:911,143,1,0
BRDA:939,144,0,0
BRDA:939,145,0,0
BRDA:939,145,1,0
BRDA:939,145,2,0
BRDA:943,146,0,0
BRDA:943,147,0,0
BRDA:943,147,1,0
BRDA:945,148,0,0
BRDA:945,148,1,0
BRDA:950,149,0,0
BRDA:955,150,0,0
BRDA:956,151,0,0
BRDA:956,151,1,0
BRDA:962,152,0,0
BRDA:966,153,0,0
BRDA:966,153,1,0
BRDA:970,154,0,0
BRDA:970,155,0,0
BRDA:970,155,1,0
BRDA:970,155,2,0
BRDA:974,156,0,0
BRDA:974,157,0,0
BRDA:974,157,1,0
BRDA:975,158,0,0
BRDA:975,158,1,0
BRDA:979,159,0,0
BRDA:984,160,0,0
BRDA:984,161,0,0
BRDA:984,161,1,0
BRDA:989,162,0,0
BRDA:997,163,0,0
BRDA:997,164,0,0
BRDA:997,164,1,0
BRDA:1003,165,0,0
BRDA:1008,166,0,0
BRDA:1014,167,0,0
BRDA:1025,168,0,0
BRDA:1026,169,0,0
BRDA:1029,170,0,0
BRDA:1029,171,0,0
BRDA:1029,171,1,0
BRDA:1047,172,0,0
BRDA:1049,173,0,0
BRDA:1053,174,0,0
BRDA:1059,175,0,0
BRDA:1069,176,0,0
BRDA:1073,177,0,0
BRDA:1076,178,0,0
BRDA:1085,179,0,0
BRDA:1087,180,0,0
BRDA:1091,181,0,0
BRDA:1091,182,0,0
BRDA:1091,182,1,0
BRDA:1091,182,2,0
BRDA:1093,183,0,0
BRDA:1093,183,1,0
BRDA:1095,184,0,0
BRDA:1097,185,0,0
BRDA:1105,186,0,0
BRDA:1112,187,0,0
BRDA:1112,187,1,0
BRDA:1113,188,0,0
BRDA:1113,188,1,0
BRDA:1115,189,0,0
BRDA:1115,189,1,0
BRDA:1119,190,0,0
BRDA:1119,190,1,0
BRDA:1121,191,0,0
BRDA:1123,192,0,0
BRDA:1123,192,1,0
BRDA:1123,193,0,0
BRDA:1123,193,1,0
BRDA:1136,194,0,0
BRDA:1138,195,0,0
BRDA:1138,196,0,0
BRDA:1138,196,1,0
BRDA:1149,197,0,0
BRDA:1149,198,0,0
BRDA:1149,198,1,0
BRDA:1151,199,0,0
BRDA:1152,200,0,0
BRDA:1152,201,0,0
BRDA:1152,201,1,0
BRDA:1164,202,0,0
BRDA:1164,203,0,0
BRDA:1164,203,1,0
BRDA:1166,204,0,0
BRDA:1169,205,0,0
BRDA:1169,205,1,0
BRDA:1170,206,0,0
BRDA:1170,207,0,0
BRDA:1170,207,1,0
BRDA:1170,207,2,0
BRF:344
BRH:2
end_of_record
TN:
SF:src/services/telemetry/CustomerTelemetryExportService.ts
FN:27,(anonymous_1)
FN:143,(anonymous_2)
FN:144,(anonymous_3)
FN:232,(anonymous_4)
FN:262,(anonymous_5)
FN:290,(anonymous_6)
FN:292,(anonymous_7)
FN:309,(anonymous_8)
FN:483,(anonymous_9)
FNF:9
FNH:0
FNDA:0,(anonymous_1)
FNDA:0,(anonymous_2)
FNDA:0,(anonymous_3)
FNDA:0,(anonymous_4)
FNDA:0,(anonymous_5)
FNDA:0,(anonymous_6)
FNDA:0,(anonymous_7)
FNDA:0,(anonymous_8)
FNDA:0,(anonymous_9)
DA:10,5
DA:11,5
DA:22,5
DA:29,0
DA:49,0
DA:50,0
DA:54,0
DA:55,0
DA:56,0
DA:59,0
DA:62,0
DA:72,0
DA:73,0
DA:74,0
DA:79,0
DA:80,0
DA:81,0
DA:84,0
DA:85,0
DA:87,0
DA:88,0
DA:89,0
DA:92,0
DA:93,0
DA:95,0
DA:105,0
DA:110,0
DA:115,0
DA:122,0
DA:127,0
DA:132,0
DA:138,0
DA:143,0
DA:144,0
DA:145,0
DA:155,0
DA:156,0
DA:160,0
DA:232,0
DA:233,0
DA:234,0
DA:237,0
DA:238,0
DA:239,0
DA:240,0
DA:241,0
DA:242,0
DA:243,0
DA:244,0
DA:245,0
DA:246,0
DA:247,0
DA:255,0
DA:256,0
DA:269,0
DA:286,0
DA:287,0
DA:290,0
DA:291,0
DA:292,0
DA:296,0
DA:311,0
DA:331,0
DA:332,0
DA:336,0
DA:337,0
DA:338,0
DA:341,0
DA:344,0
DA:354,0
DA:355,0
DA:356,0
DA:361,0
DA:362,0
DA:363,0
DA:366,0
DA:367,0
DA:369,0
DA:370,0
DA:371,0
DA:374,0
DA:376,0
DA:383,0
DA:385,0
DA:395,0
DA:396,0
DA:397,0
DA:404,0
DA:409,0
DA:410,0
DA:412,0
DA:483,0
DA:484,0
DA:485,0
DA:488,0
DA:489,0
DA:490,0
DA:491,0
DA:492,0
DA:493,0
DA:494,0
DA:495,0
DA:496,0
DA:497,0
DA:498,0
DA:503,0
DA:504,0
LF:107
LH:3
BRDA:49,0,0,0
BRDA:88,1,0,0
BRDA:165,2,0,0
BRDA:165,2,1,0
BRDA:237,3,0,0
BRDA:237,3,1,0
BRDA:239,4,0,0
BRDA:239,4,1,0
BRDA:239,5,0,0
BRDA:239,5,1,0
BRDA:239,5,2,0
BRDA:241,6,0,0
BRDA:241,6,1,0
BRDA:243,7,0,0
BRDA:243,7,1,0
BRDA:243,8,0,0
BRDA:243,8,1,0
BRDA:243,8,2,0
BRDA:246,9,0,0
BRDA:246,10,0,0
BRDA:246,10,1,0
BRDA:286,11,0,0
BRDA:301,12,0,0
BRDA:301,12,1,0
BRDA:331,13,0,0
BRDA:370,14,0,0
BRDA:383,15,0,0
BRDA:383,15,1,0
BRDA:488,16,0,0
BRDA:488,16,1,0
BRDA:490,17,0,0
BRDA:490,17,1,0
BRDA:490,18,0,0
BRDA:490,18,1,0
BRDA:490,18,2,0
BRDA:492,19,0,0
BRDA:492,19,1,0
BRDA:494,20,0,0
BRDA:494,20,1,0
BRDA:494,21,0,0
BRDA:494,21,1,0
BRDA:494,21,2,0
BRDA:497,22,0,0
BRDA:497,23,0,0
BRDA:497,23,1,0
BRF:45
BRH:0
end_of_record
TN:
SF:src/services/telemetry/CustomerTelemetryImportService.ts
FN:42,(anonymous_1)
FN:65,(anonymous_2)
FN:87,(anonymous_3)
FN:96,(anonymous_4)
FN:126,(anonymous_5)
FN:163,(anonymous_6)
FN:177,(anonymous_7)
FN:179,(anonymous_8)
FN:199,(anonymous_9)
FN:200,(anonymous_10)
FN:243,(anonymous_11)
FN:305,(anonymous_12)
FN:309,(anonymous_13)
FN:327,(anonymous_14)
FN:356,(anonymous_15)
FN:386,(anonymous_16)
FN:400,(anonymous_17)
FN:414,(anonymous_18)
FN:438,(anonymous_19)
FN:461,(anonymous_20)
FN:490,(anonymous_21)
FN:560,(anonymous_22)
FN:591,(anonymous_23)
FN:630,(anonymous_24)
FN:664,(anonymous_25)
FN:674,(anonymous_26)
FN:694,(anonymous_27)
FNF:27
FNH:0
FNDA:0,(anonymous_1)
FNDA:0,(anonymous_2)
FNDA:0,(anonymous_3)
FNDA:0,(anonymous_4)
FNDA:0,(anonymous_5)
FNDA:0,(anonymous_6)
FNDA:0,(anonymous_7)
FNDA:0,(anonymous_8)
FNDA:0,(anonymous_9)
FNDA:0,(anonymous_10)
FNDA:0,(anonymous_11)
FNDA:0,(anonymous_12)
FNDA:0,(anonymous_13)
FNDA:0,(anonymous_14)
FNDA:0,(anonymous_15)
FNDA:0,(anonymous_16)
FNDA:0,(anonymous_17)
FNDA:0,(anonymous_18)
FNDA:0,(anonymous_19)
FNDA:0,(anonymous_20)
FNDA:0,(anonymous_21)
FNDA:0,(anonymous_22)
FNDA:0,(anonymous_23)
FNDA:0,(anonymous_24)
FNDA:0,(anonymous_25)
FNDA:0,(anonymous_26)
FNDA:0,(anonymous_27)
DA:10,5
DA:11,5
DA:12,5
DA:13,5
DA:37,5
DA:47,0
DA:48,0
DA:49,0
DA:52,0
DA:53,0
DA:56,0
DA:57,0
DA:58,0
DA:62,0
DA:63,0
DA:64,0
DA:65,0
DA:66,0
DA:69,0
DA:70,0
DA:71,0
DA:76,0
DA:86,0
DA:87,0
DA:91,0
DA:93,0
DA:96,0
DA:97,0
DA:99,0
DA:100,0
DA:101,0
DA:102,0
DA:103,0
DA:104,0
DA:105,0
DA:108,0
DA:109,0
DA:113,0
DA:114,0
DA:118,0
DA:119,0
DA:120,0
DA:121,0
DA:125,0
DA:126,0
DA:128,0
DA:129,0
DA:130,0
DA:135,0
DA:136,0
DA:138,0
DA:139,0
DA:143,0
DA:144,0
DA:145,0
DA:146,0
DA:147,0
DA:148,0
DA:149,0
DA:150,0
DA:151,0
DA:157,0
DA:158,0
DA:163,0
DA:170,0
DA:178,0
DA:180,0
DA:183,0
DA:186,0
DA:191,0
DA:195,0
DA:198,0
DA:199,0
DA:200,0
DA:202,0
DA:204,0
DA:205,0
DA:206,0
DA:220,0
DA:221,0
DA:222,0
DA:235,0
DA:238,0
DA:240,0
DA:241,0
DA:242,0
DA:243,0
DA:249,0
DA:252,0
DA:258,0
DA:259,0
DA:262,0
DA:263,0
DA:264,0
DA:265,0
DA:276,0
DA:290,0
DA:295,0
DA:296,0
DA:302,0
DA:305,0
DA:309,0
DA:315,0
DA:332,0
DA:345,0
DA:346,0
DA:350,0
DA:357,0
DA:359,0
DA:361,0
DA:364,0
DA:367,0
DA:370,0
DA:373,0
DA:376,0
DA:379,0
DA:387,0
DA:389,0
DA:391,0
DA:392,0
DA:394,0
DA:401,0
DA:403,0
DA:404,0
DA:405,0
DA:408,0
DA:417,0
DA:418,0
DA:420,0
DA:421,0
DA:424,0
DA:425,0
DA:428,0
DA:429,0
DA:432,0
DA:439,0
DA:440,0
DA:443,0
DA:444,0
DA:446,0
DA:447,0
DA:450,0
DA:463,0
DA:464,0
DA:468,0
DA:469,0
DA:470,0
DA:471,0
DA:473,0
DA:477,0
DA:478,0
DA:480,0
DA:481,0
DA:484,0
DA:498,0
DA:501,0
DA:512,0
DA:515,0
DA:516,0
DA:517,0
DA:519,0
DA:523,0
DA:524,0
DA:526,0
DA:533,0
DA:534,0
DA:539,0
DA:547,0
DA:548,0
DA:552,0
DA:553,0
DA:568,0
DA:586,0
DA:587,0
DA:590,0
DA:591,0
DA:594,0
DA:595,0
DA:596,0
DA:597,0
DA:599,0
DA:600,0
DA:601,0
DA:602,0
DA:603,0
DA:607,0
DA:608,0
DA:609,0
DA:610,0
DA:611,0
DA:617,0
DA:646,0
DA:660,0
DA:661,0
DA:664,0
DA:674,0
DA:675,0
DA:676,0
DA:680,0
DA:699,0
DA:712,0
DA:713,0
DA:717,0
LF:203
LH:5
BRDA:57,0,0,0
BRDA:66,1,0,0
BRDA:66,1,1,0
BRDA:70,2,0,0
BRDA:97,3,0,0
BRDA:105,4,0,0
BRDA:105,4,1,0
BRDA:105,5,0,0
BRDA:105,5,1,0
BRDA:108,6,0,0
BRDA:108,7,0,0
BRDA:108,7,1,0
BRDA:113,8,0,0
BRDA:113,9,0,0
BRDA:113,9,1,0
BRDA:113,9,2,0
BRDA:119,10,0,0
BRDA:128,11,0,0
BRDA:136,12,0,0
BRDA:136,12,1,0
BRDA:144,13,0,0
BRDA:145,14,0,0
BRDA:145,14,1,0
BRDA:147,15,0,0
BRDA:149,16,0,0
BRDA:157,17,0,0
BRDA:199,18,0,0
BRDA:199,18,1,0
BRDA:221,19,0,0
BRDA:238,20,0,0
BRDA:240,21,0,0
BRDA:258,22,0,0
BRDA:262,23,0,0
BRDA:264,24,0,0
BRDA:264,24,1,0
BRDA:270,25,0,0
BRDA:270,25,1,0
BRDA:281,26,0,0
BRDA:281,26,1,0
BRDA:296,27,0,0
BRDA:296,27,1,0
BRDA:345,28,0,0
BRDA:359,29,0,0
BRDA:359,29,1,0
BRDA:359,29,2,0
BRDA:359,29,3,0
BRDA:359,29,4,0
BRDA:359,29,5,0
BRDA:359,29,6,0
BRDA:387,30,0,0
BRDA:391,31,0,0
BRDA:392,32,0,0
BRDA:401,33,0,0
BRDA:404,34,0,0
BRDA:417,35,0,0
BRDA:417,35,1,0
BRDA:424,36,0,0
BRDA:428,37,0,0
BRDA:428,38,0,0
BRDA:428,38,1,0
BRDA:439,39,0,0
BRDA:446,40,0,0
BRDA:463,41,0,0
BRDA:468,42,0,0
BRDA:470,43,0,0
BRDA:480,44,0,0
BRDA:516,45,0,0
BRDA:547,46,0,0
BRDA:586,47,0,0
BRDA:602,48,0,0
BRDA:607,49,0,0
BRDA:609,50,0,0
BRDA:609,51,0,0
BRDA:609,51,1,0
BRDA:660,52,0,0
BRDA:669,53,0,0
BRDA:669,53,1,0
BRDA:676,54,0,0
BRDA:676,54,1,0
BRDA:712,55,0,0
BRF:80
BRH:0
end_of_record
TN:
SF:src/services/telemetry/evaluationEngine.ts
FN:45,(anonymous_0)
FN:93,(anonymous_1)
FN:165,(anonymous_2)
FN:190,(anonymous_3)
FN:253,(anonymous_4)
FN:298,(anonymous_5)
FN:331,(anonymous_6)
FN:396,(anonymous_7)
FN:425,(anonymous_8)
FN:461,(anonymous_9)
FN:500,(anonymous_10)
FN:532,evaluateTelemetryAttribute
FN:542,evaluateMultipleAttributes
FN:545,(anonymous_13)
FN:564,evaluateTaskStatusFromTelemetry
FN:569,(anonymous_15)
FN:570,(anonymous_16)
FNF:17
FNH:0
FNDA:0,(anonymous_0)
FNDA:0,(anonymous_1)
FNDA:0,(anonymous_2)
FNDA:0,(anonymous_3)
FNDA:0,(anonymous_4)
FNDA:0,(anonymous_5)
FNDA:0,(anonymous_6)
FNDA:0,(anonymous_7)
FNDA:0,(anonymous_8)
FNDA:0,(anonymous_9)
FNDA:0,(anonymous_10)
FNDA:0,evaluateTelemetryAttribute
FNDA:0,evaluateMultipleAttributes
FNDA:0,(anonymous_13)
FNDA:0,evaluateTaskStatusFromTelemetry
FNDA:0,(anonymous_15)
FNDA:0,(anonymous_16)
DA:17,5
DA:37,5
DA:46,0
DA:48,0
DA:49,0
DA:56,0
DA:57,0
DA:64,0
DA:68,0
DA:69,0
DA:71,0
DA:75,0
DA:78,0
DA:99,0
DA:102,0
DA:103,0
DA:104,0
DA:105,0
DA:107,0
DA:108,0
DA:109,0
DA:111,0
DA:114,0
DA:123,0
DA:124,0
DA:129,0
DA:131,0
DA:134,0
DA:137,0
DA:140,0
DA:143,0
DA:146,0
DA:149,0
DA:152,0
DA:155,0
DA:166,0
DA:167,0
DA:169,0
DA:171,0
DA:173,0
DA:180,0
DA:191,0
DA:192,0
DA:193,0
DA:194,0
DA:201,0
DA:205,0
DA:206,0
DA:212,0
DA:213,0
DA:215,0
DA:217,0
DA:218,0
DA:219,0
DA:221,0
DA:222,0
DA:223,0
DA:225,0
DA:226,0
DA:227,0
DA:229,0
DA:230,0
DA:231,0
DA:233,0
DA:234,0
DA:235,0
DA:238,0
DA:243,0
DA:254,0
DA:255,0
DA:256,0
DA:259,0
DA:260,0
DA:263,0
DA:264,0
DA:265,0
DA:267,0
DA:269,0
DA:270,0
DA:271,0
DA:273,0
DA:274,0
DA:275,0
DA:277,0
DA:278,0
DA:279,0
DA:280,0
DA:283,0
DA:288,0
DA:299,0
DA:300,0
DA:303,0
DA:304,0
DA:311,0
DA:312,0
DA:314,0
DA:321,0
DA:332,0
DA:333,0
DA:334,0
DA:335,0
DA:341,0
DA:344,0
DA:345,0
DA:347,0
DA:348,0
DA:349,0
DA:356,0
DA:357,0
DA:359,0
DA:361,0
DA:362,0
DA:363,0
DA:365,0
DA:366,0
DA:367,0
DA:369,0
DA:370,0
DA:375,0
DA:376,0
DA:377,0
DA:378,0
DA:381,0
DA:386,0
DA:397,0
DA:398,0
DA:399,0
DA:405,0
DA:406,0
DA:408,0
DA:415,0
DA:430,0
DA:431,0
DA:433,0
DA:434,0
DA:435,0
DA:438,0
DA:439,0
DA:446,0
DA:451,0
DA:466,0
DA:467,0
DA:468,0
DA:470,0
DA:471,0
DA:472,0
DA:475,0
DA:476,0
DA:482,0
DA:485,0
DA:490,0
DA:502,0
DA:503,0
DA:507,0
DA:508,0
DA:512,0
DA:513,0
DA:514,0
DA:515,0
DA:517,0
DA:518,0
DA:522,0
DA:532,5
DA:533,0
DA:542,5
DA:545,0
DA:546,0
DA:547,0
DA:553,0
DA:564,5
DA:569,0
DA:570,0
DA:572,0
DA:573,0
DA:574,0
DA:575,0
DA:578,0
DA:579,0
DA:582,0
DA:583,0
DA:584,0
DA:585,0
DA:587,0
DA:591,0
DA:592,0
DA:593,0
DA:596,0
DA:599,0
DA:600,0
DA:601,0
DA:602,0
DA:603,0
DA:605,0
DA:606,0
DA:610,0
DA:611,0
DA:612,0
DA:619,0
DA:623,0
DA:626,0
DA:628,0
DA:630,0
DA:632,0
DA:634,0
DA:635,0
DA:637,0
DA:638,0
DA:640,0
DA:641,0
DA:643,0
DA:644,0
DA:646,0
DA:647,0
DA:649,0
DA:651,0
DA:653,0
DA:654,0
DA:655,0
DA:656,0
DA:657,0
DA:664,0
DA:665,0
DA:666,0
DA:667,0
DA:668,0
DA:672,0
LF:226
LH:5
BRDA:48,0,0,0
BRDA:48,1,0,0
BRDA:48,1,1,0
BRDA:56,2,0,0
BRDA:68,3,0,0
BRDA:68,3,1,0
BRDA:80,4,0,0
BRDA:80,4,1,0
BRDA:102,5,0,0
BRDA:104,6,0,0
BRDA:104,6,1,0
BRDA:107,7,0,0
BRDA:108,8,0,0
BRDA:108,9,0,0
BRDA:108,9,1,0
BRDA:111,10,0,0
BRDA:123,11,0,0
BRDA:129,12,0,0
BRDA:129,12,1,0
BRDA:129,12,2,0
BRDA:129,12,3,0
BRDA:129,12,4,0
BRDA:129,12,5,0
BRDA:129,12,6,0
BRDA:129,12,7,0
BRDA:129,12,8,0
BRDA:175,13,0,0
BRDA:175,13,1,0
BRDA:193,14,0,0
BRDA:201,15,0,0
BRDA:201,15,1,0
BRDA:205,16,0,0
BRDA:215,17,0,0
BRDA:215,17,1,0
BRDA:215,17,2,0
BRDA:215,17,3,0
BRDA:215,17,4,0
BRDA:245,18,0,0
BRDA:245,18,1,0
BRDA:259,19,0,0
BRDA:263,20,0,0
BRDA:263,20,1,0
BRDA:267,21,0,0
BRDA:267,21,1,0
BRDA:267,21,2,0
BRDA:277,22,0,0
BRDA:277,22,1,0
BRDA:285,23,0,0
BRDA:285,23,1,0
BRDA:290,24,0,0
BRDA:290,24,1,0
BRDA:303,25,0,0
BRDA:303,26,0,0
BRDA:303,26,1,0
BRDA:311,27,0,0
BRDA:311,27,1,0
BRDA:316,28,0,0
BRDA:316,28,1,0
BRDA:323,29,0,0
BRDA:323,29,1,0
BRDA:334,30,0,0
BRDA:344,31,0,0
BRDA:344,31,1,0
BRDA:344,32,0,0
BRDA:344,32,1,0
BRDA:348,33,0,0
BRDA:359,34,0,0
BRDA:359,34,1,0
BRDA:359,34,2,0
BRDA:369,35,0,0
BRDA:388,36,0,0
BRDA:388,36,1,0
BRDA:398,37,0,0
BRDA:398,38,0,0
BRDA:398,38,1,0
BRDA:398,38,2,0
BRDA:410,39,0,0
BRDA:410,39,1,0
BRDA:417,40,0,0
BRDA:417,40,1,0
BRDA:438,41,0,0
BRDA:441,42,0,0
BRDA:441,42,1,0
BRDA:453,43,0,0
BRDA:453,43,1,0
BRDA:475,44,0,0
BRDA:482,45,0,0
BRDA:482,45,1,0
BRDA:482,45,2,0
BRDA:492,46,0,0
BRDA:492,46,1,0
BRDA:502,47,0,0
BRDA:507,48,0,0
BRDA:512,49,0,0
BRDA:514,50,0,0
BRDA:517,51,0,0
BRDA:579,52,0,0
BRDA:579,52,1,0
BRDA:583,53,0,0
BRDA:584,54,0,0
BRDA:584,54,1,0
BRDA:591,55,0,0
BRDA:593,56,0,0
BRDA:596,57,0,0
BRDA:596,58,0,0
BRDA:596,58,1,0
BRDA:600,59,0,0
BRDA:610,60,0,0
BRDA:612,61,0,0
BRDA:619,62,0,0
BRDA:619,62,1,0
BRDA:619,62,2,0
BRDA:623,63,0,0
BRDA:623,63,1,0
BRDA:623,63,2,0
BRDA:626,64,0,0
BRDA:626,64,1,0
BRDA:630,65,0,0
BRDA:630,65,1,0
BRDA:632,66,0,0
BRDA:632,66,1,0
BRDA:635,67,0,0
BRDA:635,67,1,0
BRDA:635,68,0,0
BRDA:635,68,1,0
BRDA:638,69,0,0
BRDA:638,69,1,0
BRDA:638,70,0,0
BRDA:638,70,1,0
BRDA:641,71,0,0
BRDA:641,71,1,0
BRDA:641,72,0,0
BRDA:641,72,1,0
BRDA:641,72,2,0
BRDA:644,73,0,0
BRDA:644,73,1,0
BRDA:644,74,0,0
BRDA:644,74,1,0
BRDA:647,75,0,0
BRDA:647,76,0,0
BRDA:647,76,1,0
BRDA:651,77,0,0
BRDA:653,78,0,0
BRDA:653,78,1,0
BRDA:653,79,0,0
BRDA:653,79,1,0
BRDA:655,80,0,0
BRDA:655,80,1,0
BRDA:655,81,0,0
BRDA:655,81,1,0
BRDA:657,82,0,0
BRDA:657,82,1,0
BRDA:657,83,0,0
BRDA:657,83,1,0
BRDA:657,83,2,0
BRDA:665,84,0,0
BRDA:665,84,1,0
BRDA:665,85,0,0
BRDA:665,85,1,0
BRDA:667,86,0,0
BRF:160
BRH:0
end_of_record
TN:
SF:src/services/telemetry/telemetryService.ts
FN:44,(anonymous_0)
FN:118,(anonymous_1)
FN:186,(anonymous_2)
FN:220,(anonymous_3)
FN:269,(anonymous_4)
FN:274,(anonymous_5)
FN:280,(anonymous_6)
FN:281,(anonymous_7)
FN:286,(anonymous_8)
FN:319,(anonymous_9)
FN:347,(anonymous_10)
FN:351,(anonymous_11)
FN:352,(anonymous_12)
FN:377,(anonymous_13)
FN:401,(anonymous_14)
FN:425,(anonymous_15)
FN:448,(anonymous_16)
FN:492,(anonymous_17)
FNF:18
FNH:0
FNDA:0,(anonymous_0)
FNDA:0,(anonymous_1)
FNDA:0,(anonymous_2)
FNDA:0,(anonymous_3)
FNDA:0,(anonymous_4)
FNDA:0,(anonymous_5)
FNDA:0,(anonymous_6)
FNDA:0,(anonymous_7)
FNDA:0,(anonymous_8)
FNDA:0,(anonymous_9)
FNDA:0,(anonymous_10)
FNDA:0,(anonymous_11)
FNDA:0,(anonymous_12)
FNDA:0,(anonymous_13)
FNDA:0,(anonymous_14)
FNDA:0,(anonymous_15)
FNDA:0,(anonymous_16)
FNDA:0,(anonymous_17)
DA:18,5
DA:19,5
DA:29,5
DA:34,5
DA:56,0
DA:58,0
DA:59,0
DA:60,0
DA:64,0
DA:65,0
DA:66,0
DA:70,0
DA:74,0
DA:75,0
DA:76,0
DA:78,0
DA:97,0
DA:100,0
DA:101,0
DA:104,0
DA:106,0
DA:130,0
DA:132,0
DA:135,0
DA:136,0
DA:140,0
DA:141,0
DA:142,0
DA:143,0
DA:144,0
DA:145,0
DA:146,0
DA:147,0
DA:148,0
DA:150,0
DA:151,0
DA:154,0
DA:166,0
DA:169,0
DA:170,0
DA:173,0
DA:175,0
DA:187,0
DA:189,0
DA:192,0
DA:193,0
DA:197,0
DA:202,0
DA:203,0
DA:206,0
DA:208,0
DA:229,0
DA:231,0
DA:234,0
DA:235,0
DA:239,0
DA:252,0
DA:253,0
DA:256,0
DA:258,0
DA:270,0
DA:271,0
DA:274,0
DA:275,0
DA:279,0
DA:280,0
DA:281,0
DA:282,0
DA:286,0
DA:287,0
DA:300,0
DA:303,0
DA:304,0
DA:307,0
DA:309,0
DA:320,0
DA:322,0
DA:333,0
DA:334,0
DA:344,0
DA:347,0
DA:348,0
DA:350,0
DA:351,0
DA:352,0
DA:358,0
DA:366,0
DA:378,0
DA:379,0
DA:390,0
DA:402,0
DA:403,0
DA:414,0
DA:426,0
DA:427,0
DA:436,0
DA:456,0
DA:458,0
DA:461,0
DA:462,0
DA:466,0
DA:475,0
DA:476,0
DA:479,0
DA:481,0
DA:493,0
DA:495,0
DA:498,0
DA:499,0
DA:503,0
DA:508,0
DA:509,0
DA:512,0
DA:514,0
LF:114
LH:4
BRDA:59,0,0,0
BRDA:65,1,0,0
BRDA:70,2,0,0
BRDA:70,2,1,0
BRDA:75,3,0,0
BRDA:75,3,1,0
BRDA:86,4,0,0
BRDA:86,4,1,0
BRDA:100,5,0,0
BRDA:106,6,0,0
BRDA:106,6,1,0
BRDA:135,7,0,0
BRDA:141,8,0,0
BRDA:142,9,0,0
BRDA:143,10,0,0
BRDA:144,11,0,0
BRDA:146,12,0,0
BRDA:146,12,1,0
BRDA:150,13,0,0
BRDA:151,14,0,0
BRDA:169,15,0,0
BRDA:175,16,0,0
BRDA:175,16,1,0
BRDA:192,17,0,0
BRDA:202,18,0,0
BRDA:208,19,0,0
BRDA:208,19,1,0
BRDA:234,20,0,0
BRDA:252,21,0,0
BRDA:258,22,0,0
BRDA:258,22,1,0
BRDA:279,23,0,0
BRDA:303,24,0,0
BRDA:309,25,0,0
BRDA:309,25,1,0
BRDA:333,26,0,0
BRDA:355,27,0,0
BRDA:355,27,1,0
BRDA:355,27,2,0
BRDA:366,28,0,0
BRDA:366,28,1,0
BRDA:377,29,0,0
BRDA:382,30,0,0
BRDA:382,30,1,0
BRDA:390,31,0,0
BRDA:390,31,1,0
BRDA:401,32,0,0
BRDA:407,33,0,0
BRDA:407,33,1,0
BRDA:414,34,0,0
BRDA:414,34,1,0
BRDA:425,35,0,0
BRDA:436,36,0,0
BRDA:436,36,1,0
BRDA:461,37,0,0
BRDA:475,38,0,0
BRDA:481,39,0,0
BRDA:481,39,1,0
BRDA:498,40,0,0
BRDA:508,41,0,0
BRDA:514,42,0,0
BRDA:514,42,1,0
BRF:62
BRH:0
end_of_record
TN:
SF:src/services/telemetry/types.ts
FN:11,(anonymous_0)
FN:21,(anonymous_1)
FN:35,(anonymous_2)
FN:46,(anonymous_3)
FN:55,(anonymous_4)
FNF:5
FNH:5
FNDA:5,(anonymous_0)
FNDA:5,(anonymous_1)
FNDA:5,(anonymous_2)
FNDA:5,(anonymous_3)
FNDA:5,(anonymous_4)
DA:11,5
DA:12,5
DA:13,5
DA:14,5
DA:15,5
DA:21,5
DA:22,5
DA:23,5
DA:24,5
DA:25,5
DA:26,5
DA:27,5
DA:28,5
DA:29,5
DA:35,5
DA:36,5
DA:37,5
DA:38,5
DA:39,5
DA:40,5
DA:46,5
DA:47,5
DA:48,5
DA:49,5
DA:55,5
DA:56,5
DA:57,5
DA:58,5
LF:28
LH:28
BRDA:11,0,0,5
BRDA:11,0,1,5
BRDA:21,1,0,5
BRDA:21,1,1,5
BRDA:35,2,0,5
BRDA:35,2,1,5
BRDA:46,3,0,5
BRDA:46,3,1,5
BRDA:55,4,0,5
BRDA:55,4,1,5
BRF:10
BRH:10
end_of_record
TN:
SF:src/utils/sessionManager.ts
FN:17,(anonymous_0)
FN:43,(anonymous_1)
FN:69,(anonymous_2)
FN:93,(anonymous_3)
FN:112,(anonymous_4)
FNF:5
FNH:0
FNDA:0,(anonymous_0)
FNDA:0,(anonymous_1)
FNDA:0,(anonymous_2)
FNDA:0,(anonymous_3)
FNDA:0,(anonymous_4)
DA:10,5
DA:12,5
DA:18,0
DA:20,0
DA:22,0
DA:23,0
DA:26,0
DA:27,0
DA:29,0
DA:34,0
DA:35,0
DA:44,0
DA:46,0
DA:47,0
DA:55,0
DA:56,0
DA:59,0
DA:61,0
DA:62,0
DA:70,0
DA:71,0
DA:79,0
DA:80,0
DA:83,0
DA:85,0
DA:86,0
DA:94,0
DA:95,0
DA:99,0
DA:100,0
DA:102,0
DA:103,0
DA:113,0
DA:115,0
DA:116,0
DA:118,0
LF:36
LH:2
BRDA:55,0,0,0
BRDA:79,1,0,0
BRF:2
BRH:0
end_of_record
TN:
SF:src/validation/schemas.ts
FNF:0
FNH:0
DA:1,5
DA:3,5
DA:10,5
DA:18,5
DA:24,5
DA:30,5
DA:35,5
LF:7
LH:7
BRF:0
BRH:0
end_of_record
